[1.263s] Invoking command in '/home/balint/ros2_ws/turtlebot3/turtlebot3_teleop': PYTHONPATH=/home/balint/ros2_ws/build/turtlebot3_teleop/prefix_override:/usr/lib/python3/dist-packages/colcon_core/task/python/colcon_distutils_commands:/home/balint/ros2_ws/install/turtlebot3_teleop/lib/python3.12/site-packages:${PYTHONPATH} /usr/bin/python3 -W ignore:setup.py install is deprecated -W ignore:easy_install command is deprecated setup.py egg_info --egg-base ../../build/turtlebot3_teleop build --build-base /home/balint/ros2_ws/build/turtlebot3_teleop/build install --record /home/balint/ros2_ws/build/turtlebot3_teleop/install.log --single-version-externally-managed install_data
[1.747s] running egg_info
[1.774s] writing ../../build/turtlebot3_teleop/turtlebot3_teleop.egg-info/PKG-INFO
[1.774s] writing dependency_links to ../../build/turtlebot3_teleop/turtlebot3_teleop.egg-info/dependency_links.txt
[1.775s] writing entry points to ../../build/turtlebot3_teleop/turtlebot3_teleop.egg-info/entry_points.txt
[1.775s] writing requirements to ../../build/turtlebot3_teleop/turtlebot3_teleop.egg-info/requires.txt
[1.775s] writing top-level names to ../../build/turtlebot3_teleop/turtlebot3_teleop.egg-info/top_level.txt
[1.848s] reading manifest file '../../build/turtlebot3_teleop/turtlebot3_teleop.egg-info/SOURCES.txt'
[1.849s] writing manifest file '../../build/turtlebot3_teleop/turtlebot3_teleop.egg-info/SOURCES.txt'
[1.850s] running build
[1.850s] running build_py
[1.851s] running install
[1.860s] running install_lib
[1.892s] running install_data
[1.893s] running install_egg_info
[1.927s] removing '/home/balint/ros2_ws/install/turtlebot3_teleop/lib/python3.12/site-packages/turtlebot3_teleop-2.1.5-py3.12.egg-info' (and everything under it)
[1.928s] Copying ../../build/turtlebot3_teleop/turtlebot3_teleop.egg-info to /home/balint/ros2_ws/install/turtlebot3_teleop/lib/python3.12/site-packages/turtlebot3_teleop-2.1.5-py3.12.egg-info
[1.930s] running install_scripts
[2.100s] Installing teleop_keyboard script to /home/balint/ros2_ws/install/turtlebot3_teleop/lib/turtlebot3_teleop
[2.101s] writing list of installed files to '/home/balint/ros2_ws/build/turtlebot3_teleop/install.log'
[2.183s] Invoked command in '/home/balint/ros2_ws/turtlebot3/turtlebot3_teleop' returned '0': PYTHONPATH=/home/balint/ros2_ws/build/turtlebot3_teleop/prefix_override:/usr/lib/python3/dist-packages/colcon_core/task/python/colcon_distutils_commands:/home/balint/ros2_ws/install/turtlebot3_teleop/lib/python3.12/site-packages:${PYTHONPATH} /usr/bin/python3 -W ignore:setup.py install is deprecated -W ignore:easy_install command is deprecated setup.py egg_info --egg-base ../../build/turtlebot3_teleop build --build-base /home/balint/ros2_ws/build/turtlebot3_teleop/build install --record /home/balint/ros2_ws/build/turtlebot3_teleop/install.log --single-version-externally-managed install_data
