[0.367s] Invoking command in '/home/balint/ros2_ws/build/bme_ros2_tutorials_bringup': CMAKE_PREFIX_PATH=${CMAKE_PREFIX_PATH}:/home/balint/ros2_ws/install/turtlebot3_teleop:/home/balint/ros2_ws/install/turtlebot3_example:/home/balint/ros2_ws/install/bme_ros2_tutorials_py:/opt/ros/jazzy /usr/bin/cmake --build /home/balint/ros2_ws/build/bme_ros2_tutorials_bringup -- -j6 -l6
[0.660s] Invoked command in '/home/balint/ros2_ws/build/bme_ros2_tutorials_bringup' returned '0': CMAKE_PREFIX_PATH=${CMAKE_PREFIX_PATH}:/home/balint/ros2_ws/install/turtlebot3_teleop:/home/balint/ros2_ws/install/turtlebot3_example:/home/balint/ros2_ws/install/bme_ros2_tutorials_py:/opt/ros/jazzy /usr/bin/cmake --build /home/balint/ros2_ws/build/bme_ros2_tutorials_bringup -- -j6 -l6
[0.660s] Invoking command in '/home/balint/ros2_ws/build/bme_ros2_tutorials_bringup': CMAKE_PREFIX_PATH=${CMAKE_PREFIX_PATH}:/home/balint/ros2_ws/install/turtlebot3_teleop:/home/balint/ros2_ws/install/turtlebot3_example:/home/balint/ros2_ws/install/bme_ros2_tutorials_py:/opt/ros/jazzy /usr/bin/cmake --install /home/balint/ros2_ws/build/bme_ros2_tutorials_bringup
[0.703s] -- Install configuration: ""
[0.703s] -- Up-to-date: /home/balint/ros2_ws/install/bme_ros2_tutorials_bringup/share/ament_index/resource_index/package_run_dependencies/bme_ros2_tutorials_bringup
[0.703s] -- Up-to-date: /home/balint/ros2_ws/install/bme_ros2_tutorials_bringup/share/ament_index/resource_index/parent_prefix_path/bme_ros2_tutorials_bringup
[0.703s] -- Up-to-date: /home/balint/ros2_ws/install/bme_ros2_tutorials_bringup/share/bme_ros2_tutorials_bringup/environment/ament_prefix_path.sh
[0.703s] -- Up-to-date: /home/balint/ros2_ws/install/bme_ros2_tutorials_bringup/share/bme_ros2_tutorials_bringup/environment/ament_prefix_path.dsv
[0.704s] -- Up-to-date: /home/balint/ros2_ws/install/bme_ros2_tutorials_bringup/share/bme_ros2_tutorials_bringup/environment/path.sh
[0.704s] -- Up-to-date: /home/balint/ros2_ws/install/bme_ros2_tutorials_bringup/share/bme_ros2_tutorials_bringup/environment/path.dsv
[0.704s] -- Up-to-date: /home/balint/ros2_ws/install/bme_ros2_tutorials_bringup/share/bme_ros2_tutorials_bringup/local_setup.bash
[0.704s] -- Up-to-date: /home/balint/ros2_ws/install/bme_ros2_tutorials_bringup/share/bme_ros2_tutorials_bringup/local_setup.sh
[0.704s] -- Up-to-date: /home/balint/ros2_ws/install/bme_ros2_tutorials_bringup/share/bme_ros2_tutorials_bringup/local_setup.zsh
[0.704s] -- Up-to-date: /home/balint/ros2_ws/install/bme_ros2_tutorials_bringup/share/bme_ros2_tutorials_bringup/local_setup.dsv
[0.704s] -- Installing: /home/balint/ros2_ws/install/bme_ros2_tutorials_bringup/share/bme_ros2_tutorials_bringup/package.dsv
[0.704s] -- Up-to-date: /home/balint/ros2_ws/install/bme_ros2_tutorials_bringup/share/ament_index/resource_index/packages/bme_ros2_tutorials_bringup
[0.704s] -- Up-to-date: /home/balint/ros2_ws/install/bme_ros2_tutorials_bringup/share/bme_ros2_tutorials_bringup/cmake/bme_ros2_tutorials_bringupConfig.cmake
[0.704s] -- Up-to-date: /home/balint/ros2_ws/install/bme_ros2_tutorials_bringup/share/bme_ros2_tutorials_bringup/cmake/bme_ros2_tutorials_bringupConfig-version.cmake
[0.704s] -- Up-to-date: /home/balint/ros2_ws/install/bme_ros2_tutorials_bringup/share/bme_ros2_tutorials_bringup/package.xml
[0.704s] -- Up-to-date: /home/balint/ros2_ws/install/bme_ros2_tutorials_bringup/share/bme_ros2_tutorials_bringup/launch
[0.704s] -- Up-to-date: /home/balint/ros2_ws/install/bme_ros2_tutorials_bringup/share/bme_ros2_tutorials_bringup/launch/publisher_subscriber.launch.py
[0.723s] Invoked command in '/home/balint/ros2_ws/build/bme_ros2_tutorials_bringup' returned '0': CMAKE_PREFIX_PATH=${CMAKE_PREFIX_PATH}:/home/balint/ros2_ws/install/turtlebot3_teleop:/home/balint/ros2_ws/install/turtlebot3_example:/home/balint/ros2_ws/install/bme_ros2_tutorials_py:/opt/ros/jazzy /usr/bin/cmake --install /home/balint/ros2_ws/build/bme_ros2_tutorials_bringup
