[1.727s] Invoking command in '/home/balint/ros2_ws/src/bme_ros2_tutorials_py': PYTHONPATH=/home/balint/ros2_ws/build/bme_ros2_tutorials_py/prefix_override:/usr/lib/python3/dist-packages/colcon_core/task/python/colcon_distutils_commands:/home/balint/ros2_ws/install/bme_ros2_tutorials_py/lib/python3.12/site-packages:${PYTHONPATH} /usr/bin/python3 -W ignore:setup.py install is deprecated -W ignore:easy_install command is deprecated setup.py egg_info --egg-base ../../build/bme_ros2_tutorials_py build --build-base /home/balint/ros2_ws/build/bme_ros2_tutorials_py/build install --record /home/balint/ros2_ws/build/bme_ros2_tutorials_py/install.log --single-version-externally-managed install_data
[2.233s] running egg_info
[2.268s] writing ../../build/bme_ros2_tutorials_py/bme_ros2_tutorials_py.egg-info/PKG-INFO
[2.268s] writing dependency_links to ../../build/bme_ros2_tutorials_py/bme_ros2_tutorials_py.egg-info/dependency_links.txt
[2.269s] writing entry points to ../../build/bme_ros2_tutorials_py/bme_ros2_tutorials_py.egg-info/entry_points.txt
[2.269s] writing requirements to ../../build/bme_ros2_tutorials_py/bme_ros2_tutorials_py.egg-info/requires.txt
[2.270s] writing top-level names to ../../build/bme_ros2_tutorials_py/bme_ros2_tutorials_py.egg-info/top_level.txt
[2.350s] reading manifest file '../../build/bme_ros2_tutorials_py/bme_ros2_tutorials_py.egg-info/SOURCES.txt'
[2.353s] writing manifest file '../../build/bme_ros2_tutorials_py/bme_ros2_tutorials_py.egg-info/SOURCES.txt'
[2.354s] running build
[2.354s] running build_py
[2.355s] running install
[2.365s] running install_lib
[2.409s] running install_data
[2.409s] running install_egg_info
[2.448s] removing '/home/balint/ros2_ws/install/bme_ros2_tutorials_py/lib/python3.12/site-packages/bme_ros2_tutorials_py-0.0.0-py3.12.egg-info' (and everything under it)
[2.449s] Copying ../../build/bme_ros2_tutorials_py/bme_ros2_tutorials_py.egg-info to /home/balint/ros2_ws/install/bme_ros2_tutorials_py/lib/python3.12/site-packages/bme_ros2_tutorials_py-0.0.0-py3.12.egg-info
[2.453s] running install_scripts
[2.708s] Installing py_hello_world script to /home/balint/ros2_ws/install/bme_ros2_tutorials_py/lib/bme_ros2_tutorials_py
[2.708s] Installing py_publisher script to /home/balint/ros2_ws/install/bme_ros2_tutorials_py/lib/bme_ros2_tutorials_py
[2.709s] Installing py_publisher_OOP script to /home/balint/ros2_ws/install/bme_ros2_tutorials_py/lib/bme_ros2_tutorials_py
[2.709s] Installing py_subscriber script to /home/balint/ros2_ws/install/bme_ros2_tutorials_py/lib/bme_ros2_tutorials_py
[2.710s] Installing py_subscriber_OOP script to /home/balint/ros2_ws/install/bme_ros2_tutorials_py/lib/bme_ros2_tutorials_py
[2.710s] writing list of installed files to '/home/balint/ros2_ws/build/bme_ros2_tutorials_py/install.log'
[2.787s] Invoked command in '/home/balint/ros2_ws/src/bme_ros2_tutorials_py' returned '0': PYTHONPATH=/home/balint/ros2_ws/build/bme_ros2_tutorials_py/prefix_override:/usr/lib/python3/dist-packages/colcon_core/task/python/colcon_distutils_commands:/home/balint/ros2_ws/install/bme_ros2_tutorials_py/lib/python3.12/site-packages:${PYTHONPATH} /usr/bin/python3 -W ignore:setup.py install is deprecated -W ignore:easy_install command is deprecated setup.py egg_info --egg-base ../../build/bme_ros2_tutorials_py build --build-base /home/balint/ros2_ws/build/bme_ros2_tutorials_py/build install --record /home/balint/ros2_ws/build/bme_ros2_tutorials_py/install.log --single-version-externally-managed install_data
