[0.051s] Invoking command in '/home/balint/ros2_ws/build/turtlebot3_navigation2': CMAKE_PREFIX_PATH=${CMAKE_PREFIX_PATH}:/home/balint/ros2_ws/install/turtlebot3_teleop:/home/balint/ros2_ws/install/turtlebot3_example:/home/balint/ros2_ws/install/bme_ros2_tutorials_py:/opt/ros/jazzy /usr/bin/cmake --build /home/balint/ros2_ws/build/turtlebot3_navigation2 -- -j6 -l6
[0.236s] Invoked command in '/home/balint/ros2_ws/build/turtlebot3_navigation2' returned '0': CMAKE_PREFIX_PATH=${CMAKE_PREFIX_PATH}:/home/balint/ros2_ws/install/turtlebot3_teleop:/home/balint/ros2_ws/install/turtlebot3_example:/home/balint/ros2_ws/install/bme_ros2_tutorials_py:/opt/ros/jazzy /usr/bin/cmake --build /home/balint/ros2_ws/build/turtlebot3_navigation2 -- -j6 -l6
[0.240s] Invoking command in '/home/balint/ros2_ws/build/turtlebot3_navigation2': CMAKE_PREFIX_PATH=${CMAKE_PREFIX_PATH}:/home/balint/ros2_ws/install/turtlebot3_teleop:/home/balint/ros2_ws/install/turtlebot3_example:/home/balint/ros2_ws/install/bme_ros2_tutorials_py:/opt/ros/jazzy /usr/bin/cmake --install /home/balint/ros2_ws/build/turtlebot3_navigation2
[0.260s] -- Install configuration: ""
[0.261s] -- Up-to-date: /home/balint/ros2_ws/install/turtlebot3_navigation2/share/turtlebot3_navigation2/launch
[0.261s] -- Up-to-date: /home/balint/ros2_ws/install/turtlebot3_navigation2/share/turtlebot3_navigation2/launch/navigation2.launch.py
[0.261s] -- Up-to-date: /home/balint/ros2_ws/install/turtlebot3_navigation2/share/turtlebot3_navigation2/launch/navigation2_use_sim_time.launch.py
[0.261s] -- Up-to-date: /home/balint/ros2_ws/install/turtlebot3_navigation2/share/turtlebot3_navigation2/map
[0.261s] -- Up-to-date: /home/balint/ros2_ws/install/turtlebot3_navigation2/share/turtlebot3_navigation2/map/turtlebot3_world.pgm
[0.261s] -- Up-to-date: /home/balint/ros2_ws/install/turtlebot3_navigation2/share/turtlebot3_navigation2/map/turtlebot3_world.yaml
[0.261s] -- Up-to-date: /home/balint/ros2_ws/install/turtlebot3_navigation2/share/turtlebot3_navigation2/param
[0.263s] -- Up-to-date: /home/balint/ros2_ws/install/turtlebot3_navigation2/share/turtlebot3_navigation2/param/waffle_pi.yaml
[0.263s] -- Up-to-date: /home/balint/ros2_ws/install/turtlebot3_navigation2/share/turtlebot3_navigation2/param/burger_use_sim_time.yaml
[0.263s] -- Up-to-date: /home/balint/ros2_ws/install/turtlebot3_navigation2/share/turtlebot3_navigation2/param/burger.yaml
[0.263s] -- Up-to-date: /home/balint/ros2_ws/install/turtlebot3_navigation2/share/turtlebot3_navigation2/param/waffle_pi_use_sim_time.yaml
[0.263s] -- Up-to-date: /home/balint/ros2_ws/install/turtlebot3_navigation2/share/turtlebot3_navigation2/rviz
[0.263s] -- Up-to-date: /home/balint/ros2_ws/install/turtlebot3_navigation2/share/turtlebot3_navigation2/rviz/navigation2.rviz
[0.263s] -- Up-to-date: /home/balint/ros2_ws/install/turtlebot3_navigation2/share/ament_index/resource_index/package_run_dependencies/turtlebot3_navigation2
[0.264s] -- Up-to-date: /home/balint/ros2_ws/install/turtlebot3_navigation2/share/ament_index/resource_index/parent_prefix_path/turtlebot3_navigation2
[0.264s] -- Up-to-date: /home/balint/ros2_ws/install/turtlebot3_navigation2/share/turtlebot3_navigation2/environment/ament_prefix_path.sh
[0.264s] -- Up-to-date: /home/balint/ros2_ws/install/turtlebot3_navigation2/share/turtlebot3_navigation2/environment/ament_prefix_path.dsv
[0.264s] -- Up-to-date: /home/balint/ros2_ws/install/turtlebot3_navigation2/share/turtlebot3_navigation2/environment/path.sh
[0.264s] -- Up-to-date: /home/balint/ros2_ws/install/turtlebot3_navigation2/share/turtlebot3_navigation2/environment/path.dsv
[0.264s] -- Up-to-date: /home/balint/ros2_ws/install/turtlebot3_navigation2/share/turtlebot3_navigation2/local_setup.bash
[0.264s] -- Up-to-date: /home/balint/ros2_ws/install/turtlebot3_navigation2/share/turtlebot3_navigation2/local_setup.sh
[0.264s] -- Up-to-date: /home/balint/ros2_ws/install/turtlebot3_navigation2/share/turtlebot3_navigation2/local_setup.zsh
[0.264s] -- Up-to-date: /home/balint/ros2_ws/install/turtlebot3_navigation2/share/turtlebot3_navigation2/local_setup.dsv
[0.264s] -- Up-to-date: /home/balint/ros2_ws/install/turtlebot3_navigation2/share/turtlebot3_navigation2/package.dsv
[0.264s] -- Up-to-date: /home/balint/ros2_ws/install/turtlebot3_navigation2/share/ament_index/resource_index/packages/turtlebot3_navigation2
[0.264s] -- Up-to-date: /home/balint/ros2_ws/install/turtlebot3_navigation2/share/turtlebot3_navigation2/cmake/turtlebot3_navigation2Config.cmake
[0.265s] -- Up-to-date: /home/balint/ros2_ws/install/turtlebot3_navigation2/share/turtlebot3_navigation2/cmake/turtlebot3_navigation2Config-version.cmake
[0.265s] -- Up-to-date: /home/balint/ros2_ws/install/turtlebot3_navigation2/share/turtlebot3_navigation2/package.xml
[0.414s] Invoked command in '/home/balint/ros2_ws/build/turtlebot3_navigation2' returned '0': CMAKE_PREFIX_PATH=${CMAKE_PREFIX_PATH}:/home/balint/ros2_ws/install/turtlebot3_teleop:/home/balint/ros2_ws/install/turtlebot3_example:/home/balint/ros2_ws/install/bme_ros2_tutorials_py:/opt/ros/jazzy /usr/bin/cmake --install /home/balint/ros2_ws/build/turtlebot3_navigation2
