[0.413s] Invoking command in '/home/balint/ros2_ws/build/turtlebot3_bringup': CMAKE_PREFIX_PATH=/home/balint/ros2_ws/install/turtlebot3_description:/home/balint/ros2_ws/install/turtlebot3:/home/balint/ros2_ws/install/turtlebot3_slam_toolbox:/home/balint/ros2_ws/install/turtlebot3_simulations:/home/balint/ros2_ws/install/turtlebot3_navigation2:/home/balint/ros2_ws/install/turtlebot3_fake_node:/home/balint/ros2_ws/install/turtlebot3_msgs:/home/balint/ros2_ws/install/turtlebot3_hardware:/home/balint/ros2_ws/install/turtlebot3_gazebo:/home/balint/ros2_ws/install/turtlebot3_bringup:/home/balint/ros2_ws/install/turtlebot3_cartographer:/home/balint/ros2_ws/install/bme_ros2_tutorials_bringup:/opt/ros/jazzy/opt/gz_sim_vendor:/opt/ros/jazzy/opt/gz_sensors_vendor:/opt/ros/jazzy/opt/gz_physics_vendor:/opt/ros/jazzy/opt/sdformat_vendor:/opt/ros/jazzy/opt/gz_gui_vendor:/opt/ros/jazzy/opt/gz_transport_vendor:/opt/ros/jazzy/opt/gz_rendering_vendor:/opt/ros/jazzy/opt/gz_plugin_vendor:/opt/ros/jazzy/opt/gz_fuel_tools_vendor:/opt/ros/jazzy/opt/gz_msgs_vendor:/opt/ros/jazzy/opt/gz_common_vendor:/opt/ros/jazzy/opt/gz_math_vendor:/opt/ros/jazzy/opt/gz_utils_vendor:/opt/ros/jazzy/opt/gz_tools_vendor:/opt/ros/jazzy/opt/gz_ogre_next_vendor:/opt/ros/jazzy/opt/gz_dartsim_vendor:/opt/ros/jazzy/opt/gz_cmake_vendor:/home/balint/ros2_ws/install/turtlebot3_teleop:/home/balint/ros2_ws/install/turtlebot3_example:/home/balint/ros2_ws/install/bme_ros2_tutorials_py:/opt/ros/jazzy /usr/bin/cmake --build /home/balint/ros2_ws/build/turtlebot3_bringup -- -j6 -l6
[0.700s] Invoked command in '/home/balint/ros2_ws/build/turtlebot3_bringup' returned '0': CMAKE_PREFIX_PATH=/home/balint/ros2_ws/install/turtlebot3_description:/home/balint/ros2_ws/install/turtlebot3:/home/balint/ros2_ws/install/turtlebot3_slam_toolbox:/home/balint/ros2_ws/install/turtlebot3_simulations:/home/balint/ros2_ws/install/turtlebot3_navigation2:/home/balint/ros2_ws/install/turtlebot3_fake_node:/home/balint/ros2_ws/install/turtlebot3_msgs:/home/balint/ros2_ws/install/turtlebot3_hardware:/home/balint/ros2_ws/install/turtlebot3_gazebo:/home/balint/ros2_ws/install/turtlebot3_bringup:/home/balint/ros2_ws/install/turtlebot3_cartographer:/home/balint/ros2_ws/install/bme_ros2_tutorials_bringup:/opt/ros/jazzy/opt/gz_sim_vendor:/opt/ros/jazzy/opt/gz_sensors_vendor:/opt/ros/jazzy/opt/gz_physics_vendor:/opt/ros/jazzy/opt/sdformat_vendor:/opt/ros/jazzy/opt/gz_gui_vendor:/opt/ros/jazzy/opt/gz_transport_vendor:/opt/ros/jazzy/opt/gz_rendering_vendor:/opt/ros/jazzy/opt/gz_plugin_vendor:/opt/ros/jazzy/opt/gz_fuel_tools_vendor:/opt/ros/jazzy/opt/gz_msgs_vendor:/opt/ros/jazzy/opt/gz_common_vendor:/opt/ros/jazzy/opt/gz_math_vendor:/opt/ros/jazzy/opt/gz_utils_vendor:/opt/ros/jazzy/opt/gz_tools_vendor:/opt/ros/jazzy/opt/gz_ogre_next_vendor:/opt/ros/jazzy/opt/gz_dartsim_vendor:/opt/ros/jazzy/opt/gz_cmake_vendor:/home/balint/ros2_ws/install/turtlebot3_teleop:/home/balint/ros2_ws/install/turtlebot3_example:/home/balint/ros2_ws/install/bme_ros2_tutorials_py:/opt/ros/jazzy /usr/bin/cmake --build /home/balint/ros2_ws/build/turtlebot3_bringup -- -j6 -l6
[0.700s] Invoking command in '/home/balint/ros2_ws/build/turtlebot3_bringup': CMAKE_PREFIX_PATH=/home/balint/ros2_ws/install/turtlebot3_description:/home/balint/ros2_ws/install/turtlebot3:/home/balint/ros2_ws/install/turtlebot3_slam_toolbox:/home/balint/ros2_ws/install/turtlebot3_simulations:/home/balint/ros2_ws/install/turtlebot3_navigation2:/home/balint/ros2_ws/install/turtlebot3_fake_node:/home/balint/ros2_ws/install/turtlebot3_msgs:/home/balint/ros2_ws/install/turtlebot3_hardware:/home/balint/ros2_ws/install/turtlebot3_gazebo:/home/balint/ros2_ws/install/turtlebot3_bringup:/home/balint/ros2_ws/install/turtlebot3_cartographer:/home/balint/ros2_ws/install/bme_ros2_tutorials_bringup:/opt/ros/jazzy/opt/gz_sim_vendor:/opt/ros/jazzy/opt/gz_sensors_vendor:/opt/ros/jazzy/opt/gz_physics_vendor:/opt/ros/jazzy/opt/sdformat_vendor:/opt/ros/jazzy/opt/gz_gui_vendor:/opt/ros/jazzy/opt/gz_transport_vendor:/opt/ros/jazzy/opt/gz_rendering_vendor:/opt/ros/jazzy/opt/gz_plugin_vendor:/opt/ros/jazzy/opt/gz_fuel_tools_vendor:/opt/ros/jazzy/opt/gz_msgs_vendor:/opt/ros/jazzy/opt/gz_common_vendor:/opt/ros/jazzy/opt/gz_math_vendor:/opt/ros/jazzy/opt/gz_utils_vendor:/opt/ros/jazzy/opt/gz_tools_vendor:/opt/ros/jazzy/opt/gz_ogre_next_vendor:/opt/ros/jazzy/opt/gz_dartsim_vendor:/opt/ros/jazzy/opt/gz_cmake_vendor:/home/balint/ros2_ws/install/turtlebot3_teleop:/home/balint/ros2_ws/install/turtlebot3_example:/home/balint/ros2_ws/install/bme_ros2_tutorials_py:/opt/ros/jazzy /usr/bin/cmake --install /home/balint/ros2_ws/build/turtlebot3_bringup
[0.743s] -- Install configuration: ""
[0.743s] -- Up-to-date: /home/balint/ros2_ws/install/turtlebot3_bringup/share/turtlebot3_bringup/launch
[0.743s] -- Up-to-date: /home/balint/ros2_ws/install/turtlebot3_bringup/share/turtlebot3_bringup/launch/base.launch.py
[0.743s] -- Up-to-date: /home/balint/ros2_ws/install/turtlebot3_bringup/share/turtlebot3_bringup/launch/hardware.launch.py
[0.743s] -- Up-to-date: /home/balint/ros2_ws/install/turtlebot3_bringup/share/turtlebot3_bringup/launch/gazebo.launch.py
[0.743s] -- Up-to-date: /home/balint/ros2_ws/install/turtlebot3_bringup/share/turtlebot3_bringup/launch/fake.launch.py
[0.743s] -- Up-to-date: /home/balint/ros2_ws/install/turtlebot3_bringup/share/turtlebot3_bringup/config
[0.743s] -- Up-to-date: /home/balint/ros2_ws/install/turtlebot3_bringup/share/turtlebot3_bringup/config/burger
[0.743s] -- Up-to-date: /home/balint/ros2_ws/install/turtlebot3_bringup/share/turtlebot3_bringup/config/burger/gazebo_controller_manager.yaml
[0.743s] -- Up-to-date: /home/balint/ros2_ws/install/turtlebot3_bringup/share/turtlebot3_bringup/config/burger/hardware_controller_manager.yaml
[0.743s] -- Up-to-date: /home/balint/ros2_ws/install/turtlebot3_bringup/share/turtlebot3_bringup/config/waffle_pi
[0.744s] -- Up-to-date: /home/balint/ros2_ws/install/turtlebot3_bringup/share/turtlebot3_bringup/config/waffle_pi/gazebo_controller_manager.yaml
[0.744s] -- Up-to-date: /home/balint/ros2_ws/install/turtlebot3_bringup/share/turtlebot3_bringup/config/waffle_pi/hardware_controller_manager.yaml
[0.744s] -- Up-to-date: /home/balint/ros2_ws/install/turtlebot3_bringup/share/turtlebot3_bringup/script
[0.744s] -- Up-to-date: /home/balint/ros2_ws/install/turtlebot3_bringup/share/turtlebot3_bringup/script/create_udev_rules
[0.744s] -- Up-to-date: /home/balint/ros2_ws/install/turtlebot3_bringup/share/turtlebot3_bringup/script/99-turtlebot3-cdc.rules
[0.744s] -- Up-to-date: /home/balint/ros2_ws/install/turtlebot3_bringup/share/turtlebot3_bringup/worlds
[0.744s] -- Up-to-date: /home/balint/ros2_ws/install/turtlebot3_bringup/share/turtlebot3_bringup/worlds/empty_world.model
[0.744s] -- Up-to-date: /home/balint/ros2_ws/install/turtlebot3_bringup/share/turtlebot3_bringup/worlds/turtlebot3_world.model
[0.744s] -- Up-to-date: /home/balint/ros2_ws/install/turtlebot3_bringup/share/turtlebot3_bringup/worlds/turtlebot3_world
[0.744s] -- Up-to-date: /home/balint/ros2_ws/install/turtlebot3_bringup/share/turtlebot3_bringup/worlds/turtlebot3_world/model.sdf
[0.744s] -- Up-to-date: /home/balint/ros2_ws/install/turtlebot3_bringup/share/turtlebot3_bringup/worlds/turtlebot3_world/model.config
[0.744s] -- Up-to-date: /home/balint/ros2_ws/install/turtlebot3_bringup/share/turtlebot3_bringup/worlds/turtlebot3_world/model-1_4.sdf
[0.744s] -- Up-to-date: /home/balint/ros2_ws/install/turtlebot3_bringup/share/turtlebot3_bringup/worlds/turtlebot3_world/meshes
[0.745s] -- Up-to-date: /home/balint/ros2_ws/install/turtlebot3_bringup/share/turtlebot3_bringup/worlds/turtlebot3_world/meshes/wall.dae
[0.745s] -- Up-to-date: /home/balint/ros2_ws/install/turtlebot3_bringup/share/turtlebot3_bringup/worlds/turtlebot3_world/meshes/hexagon.dae
[0.745s] -- Up-to-date: /home/balint/ros2_ws/install/turtlebot3_bringup/share/turtlebot3_bringup/rviz
[0.745s] -- Up-to-date: /home/balint/ros2_ws/install/turtlebot3_bringup/share/turtlebot3_bringup/rviz/turtlebot3.rviz
[0.745s] -- Up-to-date: /home/balint/ros2_ws/install/turtlebot3_bringup/share/turtlebot3_bringup/environment/turtlebot3_bringup.dsv
[0.745s] -- Up-to-date: /home/balint/ros2_ws/install/turtlebot3_bringup/share/ament_index/resource_index/package_run_dependencies/turtlebot3_bringup
[0.745s] -- Up-to-date: /home/balint/ros2_ws/install/turtlebot3_bringup/share/ament_index/resource_index/parent_prefix_path/turtlebot3_bringup
[0.745s] -- Up-to-date: /home/balint/ros2_ws/install/turtlebot3_bringup/share/turtlebot3_bringup/environment/ament_prefix_path.sh
[0.745s] -- Up-to-date: /home/balint/ros2_ws/install/turtlebot3_bringup/share/turtlebot3_bringup/environment/ament_prefix_path.dsv
[0.745s] -- Up-to-date: /home/balint/ros2_ws/install/turtlebot3_bringup/share/turtlebot3_bringup/environment/path.sh
[0.745s] -- Up-to-date: /home/balint/ros2_ws/install/turtlebot3_bringup/share/turtlebot3_bringup/environment/path.dsv
[0.745s] -- Up-to-date: /home/balint/ros2_ws/install/turtlebot3_bringup/share/turtlebot3_bringup/local_setup.bash
[0.745s] -- Up-to-date: /home/balint/ros2_ws/install/turtlebot3_bringup/share/turtlebot3_bringup/local_setup.sh
[0.746s] -- Up-to-date: /home/balint/ros2_ws/install/turtlebot3_bringup/share/turtlebot3_bringup/local_setup.zsh
[0.746s] -- Up-to-date: /home/balint/ros2_ws/install/turtlebot3_bringup/share/turtlebot3_bringup/local_setup.dsv
[0.746s] -- Installing: /home/balint/ros2_ws/install/turtlebot3_bringup/share/turtlebot3_bringup/package.dsv
[0.746s] -- Up-to-date: /home/balint/ros2_ws/install/turtlebot3_bringup/share/ament_index/resource_index/packages/turtlebot3_bringup
[0.746s] -- Up-to-date: /home/balint/ros2_ws/install/turtlebot3_bringup/share/turtlebot3_bringup/cmake/turtlebot3_bringupConfig.cmake
[0.746s] -- Up-to-date: /home/balint/ros2_ws/install/turtlebot3_bringup/share/turtlebot3_bringup/cmake/turtlebot3_bringupConfig-version.cmake
[0.746s] -- Up-to-date: /home/balint/ros2_ws/install/turtlebot3_bringup/share/turtlebot3_bringup/package.xml
[0.794s] Invoked command in '/home/balint/ros2_ws/build/turtlebot3_bringup' returned '0': CMAKE_PREFIX_PATH=/home/balint/ros2_ws/install/turtlebot3_description:/home/balint/ros2_ws/install/turtlebot3:/home/balint/ros2_ws/install/turtlebot3_slam_toolbox:/home/balint/ros2_ws/install/turtlebot3_simulations:/home/balint/ros2_ws/install/turtlebot3_navigation2:/home/balint/ros2_ws/install/turtlebot3_fake_node:/home/balint/ros2_ws/install/turtlebot3_msgs:/home/balint/ros2_ws/install/turtlebot3_hardware:/home/balint/ros2_ws/install/turtlebot3_gazebo:/home/balint/ros2_ws/install/turtlebot3_bringup:/home/balint/ros2_ws/install/turtlebot3_cartographer:/home/balint/ros2_ws/install/bme_ros2_tutorials_bringup:/opt/ros/jazzy/opt/gz_sim_vendor:/opt/ros/jazzy/opt/gz_sensors_vendor:/opt/ros/jazzy/opt/gz_physics_vendor:/opt/ros/jazzy/opt/sdformat_vendor:/opt/ros/jazzy/opt/gz_gui_vendor:/opt/ros/jazzy/opt/gz_transport_vendor:/opt/ros/jazzy/opt/gz_rendering_vendor:/opt/ros/jazzy/opt/gz_plugin_vendor:/opt/ros/jazzy/opt/gz_fuel_tools_vendor:/opt/ros/jazzy/opt/gz_msgs_vendor:/opt/ros/jazzy/opt/gz_common_vendor:/opt/ros/jazzy/opt/gz_math_vendor:/opt/ros/jazzy/opt/gz_utils_vendor:/opt/ros/jazzy/opt/gz_tools_vendor:/opt/ros/jazzy/opt/gz_ogre_next_vendor:/opt/ros/jazzy/opt/gz_dartsim_vendor:/opt/ros/jazzy/opt/gz_cmake_vendor:/home/balint/ros2_ws/install/turtlebot3_teleop:/home/balint/ros2_ws/install/turtlebot3_example:/home/balint/ros2_ws/install/bme_ros2_tutorials_py:/opt/ros/jazzy /usr/bin/cmake --install /home/balint/ros2_ws/build/turtlebot3_bringup
