[0.054s] Invoking command in '/home/balint/ros2_ws/build/turtlebot3_cartographer': CMAKE_PREFIX_PATH=${CMAKE_PREFIX_PATH}:/home/balint/ros2_ws/install/bme_ros2_tutorials_py:/opt/ros/jazzy /usr/bin/cmake /home/balint/ros2_ws/turtlebot3/turtlebot3_cartographer -DCMAKE_INSTALL_PREFIX=/home/balint/ros2_ws/install/turtlebot3_cartographer
[0.552s] -- The C compiler identification is GNU 13.3.0
[1.697s] -- The CXX compiler identification is GNU 13.3.0
[2.778s] -- Detecting C compiler ABI info
[3.217s] -- Detecting C compiler ABI info - done
[3.247s] -- Check for working C compiler: /usr/bin/cc - skipped
[3.247s] -- Detecting C compile features
[3.247s] -- Detecting C compile features - done
[3.406s] -- Detecting CXX compiler ABI info
[3.897s] -- Detecting CXX compiler ABI info - done
[3.916s] -- Check for working CXX compiler: /usr/bin/c++ - skipped
[3.916s] -- Detecting CXX compile features
[3.917s] -- Detecting CXX compile features - done
[3.923s] -- Found ament_cmake: 2.5.4 (/opt/ros/jazzy/share/ament_cmake/cmake)
[4.201s] -- Found Python3: /usr/bin/python3 (found version "3.12.3") found components: Interpreter 
[4.626s] -- Configuring done (4.5s)
[4.647s] -- Generating done (0.0s)
[4.647s] -- Build files have been written to: /home/balint/ros2_ws/build/turtlebot3_cartographer
[4.653s] Invoked command in '/home/balint/ros2_ws/build/turtlebot3_cartographer' returned '0': CMAKE_PREFIX_PATH=${CMAKE_PREFIX_PATH}:/home/balint/ros2_ws/install/bme_ros2_tutorials_py:/opt/ros/jazzy /usr/bin/cmake /home/balint/ros2_ws/turtlebot3/turtlebot3_cartographer -DCMAKE_INSTALL_PREFIX=/home/balint/ros2_ws/install/turtlebot3_cartographer
[4.656s] Invoking command in '/home/balint/ros2_ws/build/turtlebot3_cartographer': CMAKE_PREFIX_PATH=${CMAKE_PREFIX_PATH}:/home/balint/ros2_ws/install/bme_ros2_tutorials_py:/opt/ros/jazzy /usr/bin/cmake --build /home/balint/ros2_ws/build/turtlebot3_cartographer -- -j6 -l6
[4.727s] Invoked command in '/home/balint/ros2_ws/build/turtlebot3_cartographer' returned '0': CMAKE_PREFIX_PATH=${CMAKE_PREFIX_PATH}:/home/balint/ros2_ws/install/bme_ros2_tutorials_py:/opt/ros/jazzy /usr/bin/cmake --build /home/balint/ros2_ws/build/turtlebot3_cartographer -- -j6 -l6
[4.731s] Invoking command in '/home/balint/ros2_ws/build/turtlebot3_cartographer': CMAKE_PREFIX_PATH=${CMAKE_PREFIX_PATH}:/home/balint/ros2_ws/install/bme_ros2_tutorials_py:/opt/ros/jazzy /usr/bin/cmake --install /home/balint/ros2_ws/build/turtlebot3_cartographer
[4.770s] -- Install configuration: ""
[4.771s] -- Installing: /home/balint/ros2_ws/install/turtlebot3_cartographer/share/turtlebot3_cartographer/config
[4.771s] -- Installing: /home/balint/ros2_ws/install/turtlebot3_cartographer/share/turtlebot3_cartographer/config/turtlebot3_2d.lua
[4.771s] -- Installing: /home/balint/ros2_ws/install/turtlebot3_cartographer/share/turtlebot3_cartographer/launch
[4.771s] -- Installing: /home/balint/ros2_ws/install/turtlebot3_cartographer/share/turtlebot3_cartographer/launch/cartographer.launch.py
[4.771s] -- Installing: /home/balint/ros2_ws/install/turtlebot3_cartographer/share/turtlebot3_cartographer/rviz
[4.771s] -- Installing: /home/balint/ros2_ws/install/turtlebot3_cartographer/share/turtlebot3_cartographer/rviz/cartographer.rviz
[4.771s] -- Installing: /home/balint/ros2_ws/install/turtlebot3_cartographer/share/ament_index/resource_index/package_run_dependencies/turtlebot3_cartographer
[4.771s] -- Installing: /home/balint/ros2_ws/install/turtlebot3_cartographer/share/ament_index/resource_index/parent_prefix_path/turtlebot3_cartographer
[4.771s] -- Installing: /home/balint/ros2_ws/install/turtlebot3_cartographer/share/turtlebot3_cartographer/environment/ament_prefix_path.sh
[4.771s] -- Installing: /home/balint/ros2_ws/install/turtlebot3_cartographer/share/turtlebot3_cartographer/environment/ament_prefix_path.dsv
[4.772s] -- Installing: /home/balint/ros2_ws/install/turtlebot3_cartographer/share/turtlebot3_cartographer/environment/path.sh
[4.772s] -- Installing: /home/balint/ros2_ws/install/turtlebot3_cartographer/share/turtlebot3_cartographer/environment/path.dsv
[4.772s] -- Installing: /home/balint/ros2_ws/install/turtlebot3_cartographer/share/turtlebot3_cartographer/local_setup.bash
[4.772s] -- Installing: /home/balint/ros2_ws/install/turtlebot3_cartographer/share/turtlebot3_cartographer/local_setup.sh
[4.772s] -- Installing: /home/balint/ros2_ws/install/turtlebot3_cartographer/share/turtlebot3_cartographer/local_setup.zsh
[4.772s] -- Installing: /home/balint/ros2_ws/install/turtlebot3_cartographer/share/turtlebot3_cartographer/local_setup.dsv
[4.772s] -- Installing: /home/balint/ros2_ws/install/turtlebot3_cartographer/share/turtlebot3_cartographer/package.dsv
[4.772s] -- Installing: /home/balint/ros2_ws/install/turtlebot3_cartographer/share/ament_index/resource_index/packages/turtlebot3_cartographer
[4.772s] -- Installing: /home/balint/ros2_ws/install/turtlebot3_cartographer/share/turtlebot3_cartographer/cmake/turtlebot3_cartographerConfig.cmake
[4.773s] -- Installing: /home/balint/ros2_ws/install/turtlebot3_cartographer/share/turtlebot3_cartographer/cmake/turtlebot3_cartographerConfig-version.cmake
[4.773s] -- Installing: /home/balint/ros2_ws/install/turtlebot3_cartographer/share/turtlebot3_cartographer/package.xml
[4.827s] Invoked command in '/home/balint/ros2_ws/build/turtlebot3_cartographer' returned '0': CMAKE_PREFIX_PATH=${CMAKE_PREFIX_PATH}:/home/balint/ros2_ws/install/bme_ros2_tutorials_py:/opt/ros/jazzy /usr/bin/cmake --install /home/balint/ros2_ws/build/turtlebot3_cartographer
