[0.051s] Invoking command in '/home/balint/ros2_ws/build/bme_ros2_tutorials_bringup': CMAKE_PREFIX_PATH=${CMAKE_PREFIX_PATH}:/home/balint/ros2_ws/install/bme_ros2_tutorials_py:/opt/ros/jazzy /usr/bin/cmake --build /home/balint/ros2_ws/build/bme_ros2_tutorials_bringup -- -j6 -l6
[0.094s] -- Found ament_cmake: 2.5.3 (/opt/ros/jazzy/share/ament_cmake/cmake)
[0.537s] -- Found ament_lint_auto: 0.17.2 (/opt/ros/jazzy/share/ament_lint_auto/cmake)
[0.703s] -- Added test 'flake8' to check Python code syntax and style conventions
[0.704s] -- Configured 'flake8' exclude dirs and/or files: 
[0.704s] -- Added test 'lint_cmake' to check CMake code style
[0.705s] -- Added test 'pep257' to check Python code against some of the docstring style conventions in PEP 257
[0.706s] -- Added test 'xmllint' to check XML markup files
[0.711s] -- Configuring done (0.6s)
[0.727s] -- Generating done (0.0s)
[0.731s] -- Build files have been written to: /home/balint/ros2_ws/build/bme_ros2_tutorials_bringup
[0.767s] Invoked command in '/home/balint/ros2_ws/build/bme_ros2_tutorials_bringup' returned '0': CMAKE_PREFIX_PATH=${CMAKE_PREFIX_PATH}:/home/balint/ros2_ws/install/bme_ros2_tutorials_py:/opt/ros/jazzy /usr/bin/cmake --build /home/balint/ros2_ws/build/bme_ros2_tutorials_bringup -- -j6 -l6
[0.783s] Invoking command in '/home/balint/ros2_ws/build/bme_ros2_tutorials_bringup': CMAKE_PREFIX_PATH=${CMAKE_PREFIX_PATH}:/home/balint/ros2_ws/install/bme_ros2_tutorials_py:/opt/ros/jazzy /usr/bin/cmake --install /home/balint/ros2_ws/build/bme_ros2_tutorials_bringup
[0.794s] -- Install configuration: ""
[0.794s] -- Up-to-date: /home/balint/ros2_ws/install/bme_ros2_tutorials_bringup/share/ament_index/resource_index/package_run_dependencies/bme_ros2_tutorials_bringup
[0.794s] -- Installing: /home/balint/ros2_ws/install/bme_ros2_tutorials_bringup/share/ament_index/resource_index/parent_prefix_path/bme_ros2_tutorials_bringup
[0.795s] -- Up-to-date: /home/balint/ros2_ws/install/bme_ros2_tutorials_bringup/share/bme_ros2_tutorials_bringup/environment/ament_prefix_path.sh
[0.795s] -- Up-to-date: /home/balint/ros2_ws/install/bme_ros2_tutorials_bringup/share/bme_ros2_tutorials_bringup/environment/ament_prefix_path.dsv
[0.795s] -- Up-to-date: /home/balint/ros2_ws/install/bme_ros2_tutorials_bringup/share/bme_ros2_tutorials_bringup/environment/path.sh
[0.795s] -- Up-to-date: /home/balint/ros2_ws/install/bme_ros2_tutorials_bringup/share/bme_ros2_tutorials_bringup/environment/path.dsv
[0.796s] -- Up-to-date: /home/balint/ros2_ws/install/bme_ros2_tutorials_bringup/share/bme_ros2_tutorials_bringup/local_setup.bash
[0.796s] -- Up-to-date: /home/balint/ros2_ws/install/bme_ros2_tutorials_bringup/share/bme_ros2_tutorials_bringup/local_setup.sh
[0.796s] -- Up-to-date: /home/balint/ros2_ws/install/bme_ros2_tutorials_bringup/share/bme_ros2_tutorials_bringup/local_setup.zsh
[0.796s] -- Up-to-date: /home/balint/ros2_ws/install/bme_ros2_tutorials_bringup/share/bme_ros2_tutorials_bringup/local_setup.dsv
[0.797s] -- Installing: /home/balint/ros2_ws/install/bme_ros2_tutorials_bringup/share/bme_ros2_tutorials_bringup/package.dsv
[0.797s] -- Up-to-date: /home/balint/ros2_ws/install/bme_ros2_tutorials_bringup/share/ament_index/resource_index/packages/bme_ros2_tutorials_bringup
[0.797s] -- Up-to-date: /home/balint/ros2_ws/install/bme_ros2_tutorials_bringup/share/bme_ros2_tutorials_bringup/cmake/bme_ros2_tutorials_bringupConfig.cmake
[0.798s] -- Up-to-date: /home/balint/ros2_ws/install/bme_ros2_tutorials_bringup/share/bme_ros2_tutorials_bringup/cmake/bme_ros2_tutorials_bringupConfig-version.cmake
[0.798s] -- Up-to-date: /home/balint/ros2_ws/install/bme_ros2_tutorials_bringup/share/bme_ros2_tutorials_bringup/package.xml
[0.798s] -- Up-to-date: /home/balint/ros2_ws/install/bme_ros2_tutorials_bringup/share/bme_ros2_tutorials_bringup/launch
[0.798s] -- Up-to-date: /home/balint/ros2_ws/install/bme_ros2_tutorials_bringup/share/bme_ros2_tutorials_bringup/launch/publisher_subscriber.launch.py
[0.801s] Invoked command in '/home/balint/ros2_ws/build/bme_ros2_tutorials_bringup' returned '0': CMAKE_PREFIX_PATH=${CMAKE_PREFIX_PATH}:/home/balint/ros2_ws/install/bme_ros2_tutorials_py:/opt/ros/jazzy /usr/bin/cmake --install /home/balint/ros2_ws/build/bme_ros2_tutorials_bringup
