[0.389s] DEBUG:colcon:Command line arguments: ['/usr/bin/colcon', 'build']
[0.390s] DEBUG:colcon:Parsed command line arguments: Namespace(log_base=None, log_level=None, verb_name='build', build_base='build', install_base='install', merge_install=False, symlink_install=False, test_result_base=None, continue_on_error=False, executor='parallel', parallel_workers=6, event_handlers=None, ignore_user_meta=False, metas=['./colcon.meta'], base_paths=['.'], packages_ignore=None, packages_ignore_regex=None, paths=None, packages_up_to=None, packages_up_to_regex=None, packages_above=None, packages_above_and_dependencies=None, packages_above_depth=None, packages_select_by_dep=None, packages_skip_by_dep=None, packages_skip_up_to=None, packages_select_build_failed=False, packages_skip_build_finished=False, packages_select_test_failures=False, packages_skip_test_passed=False, packages_select=None, packages_skip=None, packages_select_regex=None, packages_skip_regex=None, packages_start=None, packages_end=None, allow_overriding=[], cmake_args=None, cmake_target=None, cmake_target_skip_unavailable=False, cmake_clean_cache=False, cmake_clean_first=False, cmake_force_configure=False, ament_cmake_args=None, catkin_cmake_args=None, catkin_skip_building_tests=False, mixin_files=None, mixin=None, verb_parser=<colcon_mixin.mixin.mixin_argument.MixinArgumentDecorator object at 0x7feba34d21e0>, verb_extension=<colcon_core.verb.build.BuildVerb object at 0x7feba34d1f70>, main=<bound method BuildVerb.main of <colcon_core.verb.build.BuildVerb object at 0x7feba34d1f70>>, mixin_verb=('build',))
[0.536s] Level 1:colcon.colcon_core.package_discovery:discover_packages(colcon_meta) check parameters
[0.537s] Level 1:colcon.colcon_core.package_discovery:discover_packages(recursive) check parameters
[0.537s] Level 1:colcon.colcon_core.package_discovery:discover_packages(ignore) check parameters
[0.537s] Level 1:colcon.colcon_core.package_discovery:discover_packages(path) check parameters
[0.537s] Level 1:colcon.colcon_core.package_discovery:discover_packages(colcon_meta) discover
[0.537s] Level 1:colcon.colcon_core.package_discovery:discover_packages(recursive) discover
[0.537s] INFO:colcon.colcon_core.package_discovery:Crawling recursively for packages in '/home/balint/ros2_ws'
[0.538s] Level 1:colcon.colcon_core.package_identification:_identify(.) by extensions ['ignore', 'ignore_ament_install']
[0.538s] Level 1:colcon.colcon_core.package_identification:_identify(.) by extension 'ignore'
[0.538s] Level 1:colcon.colcon_core.package_identification:_identify(.) by extension 'ignore_ament_install'
[0.538s] Level 1:colcon.colcon_core.package_identification:_identify(.) by extensions ['colcon_pkg']
[0.539s] Level 1:colcon.colcon_core.package_identification:_identify(.) by extension 'colcon_pkg'
[0.539s] Level 1:colcon.colcon_core.package_identification:_identify(.) by extensions ['colcon_meta']
[0.539s] Level 1:colcon.colcon_core.package_identification:_identify(.) by extension 'colcon_meta'
[0.539s] Level 1:colcon.colcon_core.package_identification:_identify(.) by extensions ['ros']
[0.539s] Level 1:colcon.colcon_core.package_identification:_identify(.) by extension 'ros'
[0.605s] Level 1:colcon.colcon_core.package_identification:_identify(.) by extensions ['cmake', 'python']
[0.605s] Level 1:colcon.colcon_core.package_identification:_identify(.) by extension 'cmake'
[0.606s] Level 1:colcon.colcon_core.package_identification:_identify(.) by extension 'python'
[0.606s] Level 1:colcon.colcon_core.package_identification:_identify(.) by extensions ['python_setup_py']
[0.606s] Level 1:colcon.colcon_core.package_identification:_identify(.) by extension 'python_setup_py'
[0.607s] Level 1:colcon.colcon_core.package_identification:_identify(build) by extensions ['ignore', 'ignore_ament_install']
[0.607s] Level 1:colcon.colcon_core.package_identification:_identify(build) by extension 'ignore'
[0.607s] Level 1:colcon.colcon_core.package_identification:_identify(build) ignored
[0.608s] Level 1:colcon.colcon_core.package_identification:_identify(install) by extensions ['ignore', 'ignore_ament_install']
[0.608s] Level 1:colcon.colcon_core.package_identification:_identify(install) by extension 'ignore'
[0.608s] Level 1:colcon.colcon_core.package_identification:_identify(install) ignored
[0.609s] Level 1:colcon.colcon_core.package_identification:_identify(log) by extensions ['ignore', 'ignore_ament_install']
[0.609s] Level 1:colcon.colcon_core.package_identification:_identify(log) by extension 'ignore'
[0.609s] Level 1:colcon.colcon_core.package_identification:_identify(log) ignored
[0.609s] Level 1:colcon.colcon_core.package_identification:_identify(src) by extensions ['ignore', 'ignore_ament_install']
[0.609s] Level 1:colcon.colcon_core.package_identification:_identify(src) by extension 'ignore'
[0.609s] Level 1:colcon.colcon_core.package_identification:_identify(src) by extension 'ignore_ament_install'
[0.609s] Level 1:colcon.colcon_core.package_identification:_identify(src) by extensions ['colcon_pkg']
[0.609s] Level 1:colcon.colcon_core.package_identification:_identify(src) by extension 'colcon_pkg'
[0.610s] Level 1:colcon.colcon_core.package_identification:_identify(src) by extensions ['colcon_meta']
[0.610s] Level 1:colcon.colcon_core.package_identification:_identify(src) by extension 'colcon_meta'
[0.610s] Level 1:colcon.colcon_core.package_identification:_identify(src) by extensions ['ros']
[0.610s] Level 1:colcon.colcon_core.package_identification:_identify(src) by extension 'ros'
[0.610s] Level 1:colcon.colcon_core.package_identification:_identify(src) by extensions ['cmake', 'python']
[0.610s] Level 1:colcon.colcon_core.package_identification:_identify(src) by extension 'cmake'
[0.610s] Level 1:colcon.colcon_core.package_identification:_identify(src) by extension 'python'
[0.610s] Level 1:colcon.colcon_core.package_identification:_identify(src) by extensions ['python_setup_py']
[0.610s] Level 1:colcon.colcon_core.package_identification:_identify(src) by extension 'python_setup_py'
[0.610s] Level 1:colcon.colcon_core.package_identification:_identify(src/bme_ros2_tutorials_bringup) by extensions ['ignore', 'ignore_ament_install']
[0.610s] Level 1:colcon.colcon_core.package_identification:_identify(src/bme_ros2_tutorials_bringup) by extension 'ignore'
[0.610s] Level 1:colcon.colcon_core.package_identification:_identify(src/bme_ros2_tutorials_bringup) by extension 'ignore_ament_install'
[0.610s] Level 1:colcon.colcon_core.package_identification:_identify(src/bme_ros2_tutorials_bringup) by extensions ['colcon_pkg']
[0.611s] Level 1:colcon.colcon_core.package_identification:_identify(src/bme_ros2_tutorials_bringup) by extension 'colcon_pkg'
[0.611s] Level 1:colcon.colcon_core.package_identification:_identify(src/bme_ros2_tutorials_bringup) by extensions ['colcon_meta']
[0.611s] Level 1:colcon.colcon_core.package_identification:_identify(src/bme_ros2_tutorials_bringup) by extension 'colcon_meta'
[0.611s] Level 1:colcon.colcon_core.package_identification:_identify(src/bme_ros2_tutorials_bringup) by extensions ['ros']
[0.611s] Level 1:colcon.colcon_core.package_identification:_identify(src/bme_ros2_tutorials_bringup) by extension 'ros'
[0.614s] DEBUG:colcon.colcon_core.package_identification:Package 'src/bme_ros2_tutorials_bringup' with type 'ros.ament_cmake' and name 'bme_ros2_tutorials_bringup'
[0.615s] Level 1:colcon.colcon_core.package_identification:_identify(src/bme_ros2_tutorials_py) by extensions ['ignore', 'ignore_ament_install']
[0.615s] Level 1:colcon.colcon_core.package_identification:_identify(src/bme_ros2_tutorials_py) by extension 'ignore'
[0.615s] Level 1:colcon.colcon_core.package_identification:_identify(src/bme_ros2_tutorials_py) by extension 'ignore_ament_install'
[0.615s] Level 1:colcon.colcon_core.package_identification:_identify(src/bme_ros2_tutorials_py) by extensions ['colcon_pkg']
[0.615s] Level 1:colcon.colcon_core.package_identification:_identify(src/bme_ros2_tutorials_py) by extension 'colcon_pkg'
[0.615s] Level 1:colcon.colcon_core.package_identification:_identify(src/bme_ros2_tutorials_py) by extensions ['colcon_meta']
[0.615s] Level 1:colcon.colcon_core.package_identification:_identify(src/bme_ros2_tutorials_py) by extension 'colcon_meta'
[0.615s] Level 1:colcon.colcon_core.package_identification:_identify(src/bme_ros2_tutorials_py) by extensions ['ros']
[0.615s] Level 1:colcon.colcon_core.package_identification:_identify(src/bme_ros2_tutorials_py) by extension 'ros'
[0.616s] DEBUG:colcon.colcon_core.package_identification:Package 'src/bme_ros2_tutorials_py' with type 'ros.ament_python' and name 'bme_ros2_tutorials_py'
[0.616s] Level 1:colcon.colcon_core.package_discovery:discover_packages(recursive) using defaults
[0.616s] Level 1:colcon.colcon_core.package_discovery:discover_packages(ignore) discover
[0.616s] Level 1:colcon.colcon_core.package_discovery:discover_packages(ignore) using defaults
[0.616s] Level 1:colcon.colcon_core.package_discovery:discover_packages(path) discover
[0.616s] Level 1:colcon.colcon_core.package_discovery:discover_packages(path) using defaults
[0.643s] Level 1:colcon.colcon_core.package_discovery:discover_packages(prefix_path) check parameters
[0.643s] Level 1:colcon.colcon_core.package_discovery:discover_packages(prefix_path) discover
[0.646s] DEBUG:colcon.colcon_installed_package_information.package_discovery:Found 2 installed packages in /home/balint/ros2_ws/install
[0.649s] DEBUG:colcon.colcon_installed_package_information.package_discovery:Found 392 installed packages in /opt/ros/jazzy
[0.651s] Level 1:colcon.colcon_core.package_discovery:discover_packages(prefix_path) using defaults
[0.771s] Level 5:colcon.colcon_core.verb:set package 'bme_ros2_tutorials_bringup' build argument 'cmake_args' from command line to 'None'
[0.771s] Level 5:colcon.colcon_core.verb:set package 'bme_ros2_tutorials_bringup' build argument 'cmake_target' from command line to 'None'
[0.771s] Level 5:colcon.colcon_core.verb:set package 'bme_ros2_tutorials_bringup' build argument 'cmake_target_skip_unavailable' from command line to 'False'
[0.771s] Level 5:colcon.colcon_core.verb:set package 'bme_ros2_tutorials_bringup' build argument 'cmake_clean_cache' from command line to 'False'
[0.771s] Level 5:colcon.colcon_core.verb:set package 'bme_ros2_tutorials_bringup' build argument 'cmake_clean_first' from command line to 'False'
[0.771s] Level 5:colcon.colcon_core.verb:set package 'bme_ros2_tutorials_bringup' build argument 'cmake_force_configure' from command line to 'False'
[0.771s] Level 5:colcon.colcon_core.verb:set package 'bme_ros2_tutorials_bringup' build argument 'ament_cmake_args' from command line to 'None'
[0.771s] Level 5:colcon.colcon_core.verb:set package 'bme_ros2_tutorials_bringup' build argument 'catkin_cmake_args' from command line to 'None'
[0.771s] Level 5:colcon.colcon_core.verb:set package 'bme_ros2_tutorials_bringup' build argument 'catkin_skip_building_tests' from command line to 'False'
[0.771s] DEBUG:colcon.colcon_core.verb:Building package 'bme_ros2_tutorials_bringup' with the following arguments: {'ament_cmake_args': None, 'build_base': '/home/balint/ros2_ws/build/bme_ros2_tutorials_bringup', 'catkin_cmake_args': None, 'catkin_skip_building_tests': False, 'cmake_args': None, 'cmake_clean_cache': False, 'cmake_clean_first': False, 'cmake_force_configure': False, 'cmake_target': None, 'cmake_target_skip_unavailable': False, 'install_base': '/home/balint/ros2_ws/install/bme_ros2_tutorials_bringup', 'merge_install': False, 'path': '/home/balint/ros2_ws/src/bme_ros2_tutorials_bringup', 'symlink_install': False, 'test_result_base': None}
[0.772s] Level 5:colcon.colcon_core.verb:set package 'bme_ros2_tutorials_py' build argument 'cmake_args' from command line to 'None'
[0.772s] Level 5:colcon.colcon_core.verb:set package 'bme_ros2_tutorials_py' build argument 'cmake_target' from command line to 'None'
[0.772s] Level 5:colcon.colcon_core.verb:set package 'bme_ros2_tutorials_py' build argument 'cmake_target_skip_unavailable' from command line to 'False'
[0.772s] Level 5:colcon.colcon_core.verb:set package 'bme_ros2_tutorials_py' build argument 'cmake_clean_cache' from command line to 'False'
[0.772s] Level 5:colcon.colcon_core.verb:set package 'bme_ros2_tutorials_py' build argument 'cmake_clean_first' from command line to 'False'
[0.772s] Level 5:colcon.colcon_core.verb:set package 'bme_ros2_tutorials_py' build argument 'cmake_force_configure' from command line to 'False'
[0.772s] Level 5:colcon.colcon_core.verb:set package 'bme_ros2_tutorials_py' build argument 'ament_cmake_args' from command line to 'None'
[0.772s] Level 5:colcon.colcon_core.verb:set package 'bme_ros2_tutorials_py' build argument 'catkin_cmake_args' from command line to 'None'
[0.772s] Level 5:colcon.colcon_core.verb:set package 'bme_ros2_tutorials_py' build argument 'catkin_skip_building_tests' from command line to 'False'
[0.772s] DEBUG:colcon.colcon_core.verb:Building package 'bme_ros2_tutorials_py' with the following arguments: {'ament_cmake_args': None, 'build_base': '/home/balint/ros2_ws/build/bme_ros2_tutorials_py', 'catkin_cmake_args': None, 'catkin_skip_building_tests': False, 'cmake_args': None, 'cmake_clean_cache': False, 'cmake_clean_first': False, 'cmake_force_configure': False, 'cmake_target': None, 'cmake_target_skip_unavailable': False, 'install_base': '/home/balint/ros2_ws/install/bme_ros2_tutorials_py', 'merge_install': False, 'path': '/home/balint/ros2_ws/src/bme_ros2_tutorials_py', 'symlink_install': False, 'test_result_base': None}
[0.772s] INFO:colcon.colcon_core.executor:Executing jobs using 'parallel' executor
[0.774s] DEBUG:colcon.colcon_parallel_executor.executor.parallel:run_until_complete
[0.775s] INFO:colcon.colcon_ros.task.ament_cmake.build:Building ROS package in '/home/balint/ros2_ws/src/bme_ros2_tutorials_bringup' with build type 'ament_cmake'
[0.776s] INFO:colcon.colcon_cmake.task.cmake.build:Building CMake package in '/home/balint/ros2_ws/src/bme_ros2_tutorials_bringup'
[0.782s] INFO:colcon.colcon_core.plugin_system:Skipping extension 'colcon_core.shell.bat': Not used on non-Windows systems
[0.783s] INFO:colcon.colcon_core.shell:Skip shell extension 'powershell' for command environment: Not usable outside of PowerShell
[0.783s] DEBUG:colcon.colcon_core.shell:Skip shell extension 'dsv' for command environment
[0.795s] INFO:colcon.colcon_ros.task.ament_python.build:Building ROS package in '/home/balint/ros2_ws/src/bme_ros2_tutorials_py' with build type 'ament_python'
[0.795s] Level 1:colcon.colcon_core.shell:create_environment_hook('bme_ros2_tutorials_py', 'ament_prefix_path')
[0.796s] INFO:colcon.colcon_core.shell:Creating environment hook '/home/balint/ros2_ws/install/bme_ros2_tutorials_py/share/bme_ros2_tutorials_py/hook/ament_prefix_path.ps1'
[0.798s] INFO:colcon.colcon_core.shell:Creating environment descriptor '/home/balint/ros2_ws/install/bme_ros2_tutorials_py/share/bme_ros2_tutorials_py/hook/ament_prefix_path.dsv'
[0.799s] INFO:colcon.colcon_core.shell:Creating environment hook '/home/balint/ros2_ws/install/bme_ros2_tutorials_py/share/bme_ros2_tutorials_py/hook/ament_prefix_path.sh'
[0.801s] INFO:colcon.colcon_core.shell:Skip shell extension 'powershell' for command environment: Not usable outside of PowerShell
[0.801s] DEBUG:colcon.colcon_core.shell:Skip shell extension 'dsv' for command environment
[0.829s] DEBUG:colcon.colcon_core.event_handler.log_command:Invoking command in '/home/balint/ros2_ws/build/bme_ros2_tutorials_bringup': CMAKE_PREFIX_PATH=${CMAKE_PREFIX_PATH}:/home/balint/ros2_ws/install/bme_ros2_tutorials_py:/opt/ros/jazzy /usr/bin/cmake --build /home/balint/ros2_ws/build/bme_ros2_tutorials_bringup -- -j6 -l6
[1.302s] INFO:colcon.colcon_core.task.python.build:Building Python package in '/home/balint/ros2_ws/src/bme_ros2_tutorials_py'
[1.303s] INFO:colcon.colcon_core.shell:Skip shell extension 'powershell' for command environment: Not usable outside of PowerShell
[1.303s] DEBUG:colcon.colcon_core.shell:Skip shell extension 'dsv' for command environment
[1.544s] DEBUG:colcon.colcon_core.event_handler.log_command:Invoked command in '/home/balint/ros2_ws/build/bme_ros2_tutorials_bringup' returned '0': CMAKE_PREFIX_PATH=${CMAKE_PREFIX_PATH}:/home/balint/ros2_ws/install/bme_ros2_tutorials_py:/opt/ros/jazzy /usr/bin/cmake --build /home/balint/ros2_ws/build/bme_ros2_tutorials_bringup -- -j6 -l6
[1.560s] DEBUG:colcon.colcon_core.event_handler.log_command:Invoking command in '/home/balint/ros2_ws/build/bme_ros2_tutorials_bringup': CMAKE_PREFIX_PATH=${CMAKE_PREFIX_PATH}:/home/balint/ros2_ws/install/bme_ros2_tutorials_py:/opt/ros/jazzy /usr/bin/cmake --install /home/balint/ros2_ws/build/bme_ros2_tutorials_bringup
[1.577s] Level 1:colcon.colcon_core.environment:create_environment_scripts_only(bme_ros2_tutorials_bringup)
[1.578s] DEBUG:colcon.colcon_core.event_handler.log_command:Invoked command in '/home/balint/ros2_ws/build/bme_ros2_tutorials_bringup' returned '0': CMAKE_PREFIX_PATH=${CMAKE_PREFIX_PATH}:/home/balint/ros2_ws/install/bme_ros2_tutorials_py:/opt/ros/jazzy /usr/bin/cmake --install /home/balint/ros2_ws/build/bme_ros2_tutorials_bringup
[1.581s] Level 1:colcon.colcon_core.environment:checking '/home/balint/ros2_ws/install/bme_ros2_tutorials_bringup' for CMake module files
[1.582s] Level 1:colcon.colcon_core.environment:checking '/home/balint/ros2_ws/install/bme_ros2_tutorials_bringup' for CMake config files
[1.583s] Level 1:colcon.colcon_core.shell:create_environment_hook('bme_ros2_tutorials_bringup', 'cmake_prefix_path')
[1.583s] INFO:colcon.colcon_core.shell:Creating environment hook '/home/balint/ros2_ws/install/bme_ros2_tutorials_bringup/share/bme_ros2_tutorials_bringup/hook/cmake_prefix_path.ps1'
[1.584s] INFO:colcon.colcon_core.shell:Creating environment descriptor '/home/balint/ros2_ws/install/bme_ros2_tutorials_bringup/share/bme_ros2_tutorials_bringup/hook/cmake_prefix_path.dsv'
[1.585s] INFO:colcon.colcon_core.shell:Creating environment hook '/home/balint/ros2_ws/install/bme_ros2_tutorials_bringup/share/bme_ros2_tutorials_bringup/hook/cmake_prefix_path.sh'
[1.586s] Level 1:colcon.colcon_core.environment:checking '/home/balint/ros2_ws/install/bme_ros2_tutorials_bringup/bin'
[1.586s] Level 1:colcon.colcon_core.environment:checking '/home/balint/ros2_ws/install/bme_ros2_tutorials_bringup/lib/pkgconfig/bme_ros2_tutorials_bringup.pc'
[1.587s] Level 1:colcon.colcon_core.environment:checking '/home/balint/ros2_ws/install/bme_ros2_tutorials_bringup/lib/python3.12/site-packages'
[1.587s] Level 1:colcon.colcon_core.environment:checking '/home/balint/ros2_ws/install/bme_ros2_tutorials_bringup/bin'
[1.587s] INFO:colcon.colcon_core.shell:Creating package script '/home/balint/ros2_ws/install/bme_ros2_tutorials_bringup/share/bme_ros2_tutorials_bringup/package.ps1'
[1.589s] INFO:colcon.colcon_core.shell:Creating package descriptor '/home/balint/ros2_ws/install/bme_ros2_tutorials_bringup/share/bme_ros2_tutorials_bringup/package.dsv'
[1.589s] INFO:colcon.colcon_core.shell:Creating package script '/home/balint/ros2_ws/install/bme_ros2_tutorials_bringup/share/bme_ros2_tutorials_bringup/package.sh'
[1.590s] INFO:colcon.colcon_core.shell:Creating package script '/home/balint/ros2_ws/install/bme_ros2_tutorials_bringup/share/bme_ros2_tutorials_bringup/package.bash'
[1.591s] INFO:colcon.colcon_core.shell:Creating package script '/home/balint/ros2_ws/install/bme_ros2_tutorials_bringup/share/bme_ros2_tutorials_bringup/package.zsh'
[1.592s] Level 1:colcon.colcon_core.environment:create_file_with_runtime_dependencies(/home/balint/ros2_ws/install/bme_ros2_tutorials_bringup/share/colcon-core/packages/bme_ros2_tutorials_bringup)
[1.594s] Level 1:colcon.colcon_core.environment:create_environment_scripts_only(bme_ros2_tutorials_bringup)
[1.594s] Level 1:colcon.colcon_core.environment:checking '/home/balint/ros2_ws/install/bme_ros2_tutorials_bringup' for CMake module files
[1.595s] Level 1:colcon.colcon_core.environment:checking '/home/balint/ros2_ws/install/bme_ros2_tutorials_bringup' for CMake config files
[1.595s] Level 1:colcon.colcon_core.shell:create_environment_hook('bme_ros2_tutorials_bringup', 'cmake_prefix_path')
[1.595s] INFO:colcon.colcon_core.shell:Creating environment hook '/home/balint/ros2_ws/install/bme_ros2_tutorials_bringup/share/bme_ros2_tutorials_bringup/hook/cmake_prefix_path.ps1'
[1.596s] INFO:colcon.colcon_core.shell:Creating environment descriptor '/home/balint/ros2_ws/install/bme_ros2_tutorials_bringup/share/bme_ros2_tutorials_bringup/hook/cmake_prefix_path.dsv'
[1.597s] INFO:colcon.colcon_core.shell:Creating environment hook '/home/balint/ros2_ws/install/bme_ros2_tutorials_bringup/share/bme_ros2_tutorials_bringup/hook/cmake_prefix_path.sh'
[1.597s] Level 1:colcon.colcon_core.environment:checking '/home/balint/ros2_ws/install/bme_ros2_tutorials_bringup/bin'
[1.598s] Level 1:colcon.colcon_core.environment:checking '/home/balint/ros2_ws/install/bme_ros2_tutorials_bringup/lib/pkgconfig/bme_ros2_tutorials_bringup.pc'
[1.598s] Level 1:colcon.colcon_core.environment:checking '/home/balint/ros2_ws/install/bme_ros2_tutorials_bringup/lib/python3.12/site-packages'
[1.598s] Level 1:colcon.colcon_core.environment:checking '/home/balint/ros2_ws/install/bme_ros2_tutorials_bringup/bin'
[1.599s] INFO:colcon.colcon_core.shell:Creating package script '/home/balint/ros2_ws/install/bme_ros2_tutorials_bringup/share/bme_ros2_tutorials_bringup/package.ps1'
[1.600s] INFO:colcon.colcon_core.shell:Creating package descriptor '/home/balint/ros2_ws/install/bme_ros2_tutorials_bringup/share/bme_ros2_tutorials_bringup/package.dsv'
[1.601s] INFO:colcon.colcon_core.shell:Creating package script '/home/balint/ros2_ws/install/bme_ros2_tutorials_bringup/share/bme_ros2_tutorials_bringup/package.sh'
[1.602s] INFO:colcon.colcon_core.shell:Creating package script '/home/balint/ros2_ws/install/bme_ros2_tutorials_bringup/share/bme_ros2_tutorials_bringup/package.bash'
[1.603s] INFO:colcon.colcon_core.shell:Creating package script '/home/balint/ros2_ws/install/bme_ros2_tutorials_bringup/share/bme_ros2_tutorials_bringup/package.zsh'
[1.604s] Level 1:colcon.colcon_core.environment:create_file_with_runtime_dependencies(/home/balint/ros2_ws/install/bme_ros2_tutorials_bringup/share/colcon-core/packages/bme_ros2_tutorials_bringup)
[2.522s] DEBUG:colcon.colcon_core.event_handler.log_command:Invoking command in '/home/balint/ros2_ws/src/bme_ros2_tutorials_py': PYTHONPATH=/home/balint/ros2_ws/build/bme_ros2_tutorials_py/prefix_override:/usr/lib/python3/dist-packages/colcon_core/task/python/colcon_distutils_commands:/home/balint/ros2_ws/install/bme_ros2_tutorials_py/lib/python3.12/site-packages:${PYTHONPATH} /usr/bin/python3 -W ignore:setup.py install is deprecated -W ignore:easy_install command is deprecated setup.py egg_info --egg-base ../../build/bme_ros2_tutorials_py build --build-base /home/balint/ros2_ws/build/bme_ros2_tutorials_py/build install --record /home/balint/ros2_ws/build/bme_ros2_tutorials_py/install.log --single-version-externally-managed install_data
[3.580s] Level 1:colcon.colcon_core.environment:checking '/home/balint/ros2_ws/install/bme_ros2_tutorials_py' for CMake module files
[3.583s] DEBUG:colcon.colcon_core.event_handler.log_command:Invoked command in '/home/balint/ros2_ws/src/bme_ros2_tutorials_py' returned '0': PYTHONPATH=/home/balint/ros2_ws/build/bme_ros2_tutorials_py/prefix_override:/usr/lib/python3/dist-packages/colcon_core/task/python/colcon_distutils_commands:/home/balint/ros2_ws/install/bme_ros2_tutorials_py/lib/python3.12/site-packages:${PYTHONPATH} /usr/bin/python3 -W ignore:setup.py install is deprecated -W ignore:easy_install command is deprecated setup.py egg_info --egg-base ../../build/bme_ros2_tutorials_py build --build-base /home/balint/ros2_ws/build/bme_ros2_tutorials_py/build install --record /home/balint/ros2_ws/build/bme_ros2_tutorials_py/install.log --single-version-externally-managed install_data
[3.584s] Level 1:colcon.colcon_core.environment:checking '/home/balint/ros2_ws/install/bme_ros2_tutorials_py' for CMake config files
[3.585s] Level 1:colcon.colcon_core.environment:checking '/home/balint/ros2_ws/install/bme_ros2_tutorials_py/lib'
[3.586s] Level 1:colcon.colcon_core.environment:checking '/home/balint/ros2_ws/install/bme_ros2_tutorials_py/bin'
[3.586s] Level 1:colcon.colcon_core.environment:checking '/home/balint/ros2_ws/install/bme_ros2_tutorials_py/lib/pkgconfig/bme_ros2_tutorials_py.pc'
[3.587s] Level 1:colcon.colcon_core.environment:checking '/home/balint/ros2_ws/install/bme_ros2_tutorials_py/lib/python3.12/site-packages'
[3.587s] Level 1:colcon.colcon_core.shell:create_environment_hook('bme_ros2_tutorials_py', 'pythonpath')
[3.588s] INFO:colcon.colcon_core.shell:Creating environment hook '/home/balint/ros2_ws/install/bme_ros2_tutorials_py/share/bme_ros2_tutorials_py/hook/pythonpath.ps1'
[3.589s] INFO:colcon.colcon_core.shell:Creating environment descriptor '/home/balint/ros2_ws/install/bme_ros2_tutorials_py/share/bme_ros2_tutorials_py/hook/pythonpath.dsv'
[3.590s] INFO:colcon.colcon_core.shell:Creating environment hook '/home/balint/ros2_ws/install/bme_ros2_tutorials_py/share/bme_ros2_tutorials_py/hook/pythonpath.sh'
[3.592s] Level 1:colcon.colcon_core.environment:checking '/home/balint/ros2_ws/install/bme_ros2_tutorials_py/bin'
[3.592s] Level 1:colcon.colcon_core.environment:create_environment_scripts_only(bme_ros2_tutorials_py)
[3.592s] INFO:colcon.colcon_core.shell:Creating package script '/home/balint/ros2_ws/install/bme_ros2_tutorials_py/share/bme_ros2_tutorials_py/package.ps1'
[3.594s] INFO:colcon.colcon_core.shell:Creating package descriptor '/home/balint/ros2_ws/install/bme_ros2_tutorials_py/share/bme_ros2_tutorials_py/package.dsv'
[3.595s] INFO:colcon.colcon_core.shell:Creating package script '/home/balint/ros2_ws/install/bme_ros2_tutorials_py/share/bme_ros2_tutorials_py/package.sh'
[3.596s] INFO:colcon.colcon_core.shell:Creating package script '/home/balint/ros2_ws/install/bme_ros2_tutorials_py/share/bme_ros2_tutorials_py/package.bash'
[3.597s] INFO:colcon.colcon_core.shell:Creating package script '/home/balint/ros2_ws/install/bme_ros2_tutorials_py/share/bme_ros2_tutorials_py/package.zsh'
[3.597s] Level 1:colcon.colcon_core.environment:create_file_with_runtime_dependencies(/home/balint/ros2_ws/install/bme_ros2_tutorials_py/share/colcon-core/packages/bme_ros2_tutorials_py)
[3.599s] DEBUG:colcon.colcon_parallel_executor.executor.parallel:closing loop
[3.601s] DEBUG:colcon.colcon_parallel_executor.executor.parallel:loop closed
[3.602s] DEBUG:colcon.colcon_parallel_executor.executor.parallel:run_until_complete finished with '0'
[3.603s] DEBUG:colcon.colcon_core.event_reactor:joining thread
[3.759s] INFO:colcon.colcon_core.plugin_system:Skipping extension 'colcon_notification.desktop_notification.notify_send': Could not find 'notify-send'
[3.759s] INFO:colcon.colcon_core.plugin_system:Skipping extension 'colcon_notification.desktop_notification.terminal_notifier': Not used on non-Darwin systems
[3.759s] INFO:colcon.colcon_core.plugin_system:Skipping extension 'colcon_notification.desktop_notification.win32': Not used on non-Windows systems
[3.759s] INFO:colcon.colcon_notification.desktop_notification:Sending desktop notification using 'notify2'
[3.762s] DEBUG:colcon.colcon_notification.desktop_notification.notify2:Failed to initialize notify2: org.freedesktop.DBus.Error.ServiceUnknown: The name org.freedesktop.Notifications was not provided by any .service files
[3.763s] DEBUG:colcon.colcon_core.event_reactor:joined thread
[3.763s] INFO:colcon.colcon_core.shell:Creating prefix script '/home/balint/ros2_ws/install/local_setup.ps1'
[3.766s] INFO:colcon.colcon_core.shell:Creating prefix util module '/home/balint/ros2_ws/install/_local_setup_util_ps1.py'
[3.769s] INFO:colcon.colcon_core.shell:Creating prefix chain script '/home/balint/ros2_ws/install/setup.ps1'
[3.771s] INFO:colcon.colcon_core.shell:Creating prefix script '/home/balint/ros2_ws/install/local_setup.sh'
[3.773s] INFO:colcon.colcon_core.shell:Creating prefix util module '/home/balint/ros2_ws/install/_local_setup_util_sh.py'
[3.775s] INFO:colcon.colcon_core.shell:Creating prefix chain script '/home/balint/ros2_ws/install/setup.sh'
[3.777s] INFO:colcon.colcon_core.shell:Creating prefix script '/home/balint/ros2_ws/install/local_setup.bash'
[3.778s] INFO:colcon.colcon_core.shell:Creating prefix chain script '/home/balint/ros2_ws/install/setup.bash'
[3.781s] INFO:colcon.colcon_core.shell:Creating prefix script '/home/balint/ros2_ws/install/local_setup.zsh'
[3.782s] INFO:colcon.colcon_core.shell:Creating prefix chain script '/home/balint/ros2_ws/install/setup.zsh'
