[2.688s] Invoking command in '/home/balint/ros2_ws/turtlebot3/turtlebot3_teleop': PYTHONPATH=/home/balint/ros2_ws/build/turtlebot3_teleop/prefix_override:/usr/lib/python3/dist-packages/colcon_core/task/python/colcon_distutils_commands:/home/balint/ros2_ws/install/turtlebot3_teleop/lib/python3.12/site-packages:${PYTHONPATH} /usr/bin/python3 -W ignore:setup.py install is deprecated -W ignore:easy_install command is deprecated setup.py egg_info --egg-base ../../build/turtlebot3_teleop build --build-base /home/balint/ros2_ws/build/turtlebot3_teleop/build install --record /home/balint/ros2_ws/build/turtlebot3_teleop/install.log --single-version-externally-managed install_data
[3.238s] running egg_info
[3.239s] creating ../../build/turtlebot3_teleop/turtlebot3_teleop.egg-info
[3.291s] writing ../../build/turtlebot3_teleop/turtlebot3_teleop.egg-info/PKG-INFO
[3.292s] writing dependency_links to ../../build/turtlebot3_teleop/turtlebot3_teleop.egg-info/dependency_links.txt
[3.294s] writing entry points to ../../build/turtlebot3_teleop/turtlebot3_teleop.egg-info/entry_points.txt
[3.294s] writing requirements to ../../build/turtlebot3_teleop/turtlebot3_teleop.egg-info/requires.txt
[3.294s] writing top-level names to ../../build/turtlebot3_teleop/turtlebot3_teleop.egg-info/top_level.txt
[3.295s] writing manifest file '../../build/turtlebot3_teleop/turtlebot3_teleop.egg-info/SOURCES.txt'
[3.370s] reading manifest file '../../build/turtlebot3_teleop/turtlebot3_teleop.egg-info/SOURCES.txt'
[3.371s] writing manifest file '../../build/turtlebot3_teleop/turtlebot3_teleop.egg-info/SOURCES.txt'
[3.373s] running build
[3.373s] running build_py
[3.374s] creating /home/balint/ros2_ws/build/turtlebot3_teleop/build
[3.376s] creating /home/balint/ros2_ws/build/turtlebot3_teleop/build/lib
[3.377s] creating /home/balint/ros2_ws/build/turtlebot3_teleop/build/lib/turtlebot3_teleop
[3.378s] copying turtlebot3_teleop/__init__.py -> /home/balint/ros2_ws/build/turtlebot3_teleop/build/lib/turtlebot3_teleop
[3.384s] creating /home/balint/ros2_ws/build/turtlebot3_teleop/build/lib/turtlebot3_teleop/script
[3.384s] copying turtlebot3_teleop/script/__init__.py -> /home/balint/ros2_ws/build/turtlebot3_teleop/build/lib/turtlebot3_teleop/script
[3.385s] copying turtlebot3_teleop/script/teleop_keyboard.py -> /home/balint/ros2_ws/build/turtlebot3_teleop/build/lib/turtlebot3_teleop/script
[3.387s] running install
[3.398s] running install_lib
[3.448s] creating /home/balint/ros2_ws/install/turtlebot3_teleop/lib/python3.12/site-packages/turtlebot3_teleop
[3.449s] copying /home/balint/ros2_ws/build/turtlebot3_teleop/build/lib/turtlebot3_teleop/__init__.py -> /home/balint/ros2_ws/install/turtlebot3_teleop/lib/python3.12/site-packages/turtlebot3_teleop
[3.450s] creating /home/balint/ros2_ws/install/turtlebot3_teleop/lib/python3.12/site-packages/turtlebot3_teleop/script
[3.451s] copying /home/balint/ros2_ws/build/turtlebot3_teleop/build/lib/turtlebot3_teleop/script/__init__.py -> /home/balint/ros2_ws/install/turtlebot3_teleop/lib/python3.12/site-packages/turtlebot3_teleop/script
[3.452s] copying /home/balint/ros2_ws/build/turtlebot3_teleop/build/lib/turtlebot3_teleop/script/teleop_keyboard.py -> /home/balint/ros2_ws/install/turtlebot3_teleop/lib/python3.12/site-packages/turtlebot3_teleop/script
[3.453s] byte-compiling /home/balint/ros2_ws/install/turtlebot3_teleop/lib/python3.12/site-packages/turtlebot3_teleop/__init__.py to __init__.cpython-312.pyc
[3.454s] byte-compiling /home/balint/ros2_ws/install/turtlebot3_teleop/lib/python3.12/site-packages/turtlebot3_teleop/script/__init__.py to __init__.cpython-312.pyc
[3.455s] byte-compiling /home/balint/ros2_ws/install/turtlebot3_teleop/lib/python3.12/site-packages/turtlebot3_teleop/script/teleop_keyboard.py to teleop_keyboard.cpython-312.pyc
[3.458s] running install_data
[3.458s] creating /home/balint/ros2_ws/install/turtlebot3_teleop/share/ament_index
[3.460s] creating /home/balint/ros2_ws/install/turtlebot3_teleop/share/ament_index/resource_index
[3.460s] creating /home/balint/ros2_ws/install/turtlebot3_teleop/share/ament_index/resource_index/packages
[3.461s] copying resource/turtlebot3_teleop -> /home/balint/ros2_ws/install/turtlebot3_teleop/share/ament_index/resource_index/packages
[3.462s] copying package.xml -> /home/balint/ros2_ws/install/turtlebot3_teleop/share/turtlebot3_teleop
[3.462s] running install_egg_info
[3.499s] Copying ../../build/turtlebot3_teleop/turtlebot3_teleop.egg-info to /home/balint/ros2_ws/install/turtlebot3_teleop/lib/python3.12/site-packages/turtlebot3_teleop-2.1.5-py3.12.egg-info
[3.501s] running install_scripts
[3.794s] Installing teleop_keyboard script to /home/balint/ros2_ws/install/turtlebot3_teleop/lib/turtlebot3_teleop
[3.796s] writing list of installed files to '/home/balint/ros2_ws/build/turtlebot3_teleop/install.log'
[3.902s] Invoked command in '/home/balint/ros2_ws/turtlebot3/turtlebot3_teleop' returned '0': PYTHONPATH=/home/balint/ros2_ws/build/turtlebot3_teleop/prefix_override:/usr/lib/python3/dist-packages/colcon_core/task/python/colcon_distutils_commands:/home/balint/ros2_ws/install/turtlebot3_teleop/lib/python3.12/site-packages:${PYTHONPATH} /usr/bin/python3 -W ignore:setup.py install is deprecated -W ignore:easy_install command is deprecated setup.py egg_info --egg-base ../../build/turtlebot3_teleop build --build-base /home/balint/ros2_ws/build/turtlebot3_teleop/build install --record /home/balint/ros2_ws/build/turtlebot3_teleop/install.log --single-version-externally-managed install_data
