[0.332s] DEBUG:colcon:Command line arguments: ['/usr/bin/colcon', 'build']
[0.332s] DEBUG:colcon:Parsed command line arguments: Namespace(log_base=None, log_level=None, verb_name='build', build_base='build', install_base='install', merge_install=False, symlink_install=False, test_result_base=None, continue_on_error=False, executor='parallel', parallel_workers=6, event_handlers=None, ignore_user_meta=False, metas=['./colcon.meta'], base_paths=['.'], packages_ignore=None, packages_ignore_regex=None, paths=None, packages_up_to=None, packages_up_to_regex=None, packages_above=None, packages_above_and_dependencies=None, packages_above_depth=None, packages_select_by_dep=None, packages_skip_by_dep=None, packages_skip_up_to=None, packages_select_build_failed=False, packages_skip_build_finished=False, packages_select_test_failures=False, packages_skip_test_passed=False, packages_select=None, packages_skip=None, packages_select_regex=None, packages_skip_regex=None, packages_start=None, packages_end=None, allow_overriding=[], cmake_args=None, cmake_target=None, cmake_target_skip_unavailable=False, cmake_clean_cache=False, cmake_clean_first=False, cmake_force_configure=False, ament_cmake_args=None, catkin_cmake_args=None, catkin_skip_building_tests=False, mixin_files=None, mixin=None, verb_parser=<colcon_mixin.mixin.mixin_argument.MixinArgumentDecorator object at 0x7f747608c8f0>, verb_extension=<colcon_core.verb.build.BuildVerb object at 0x7f74761f10d0>, main=<bound method BuildVerb.main of <colcon_core.verb.build.BuildVerb object at 0x7f74761f10d0>>, mixin_verb=('build',))
[0.405s] Level 1:colcon.colcon_core.package_discovery:discover_packages(colcon_meta) check parameters
[0.405s] Level 1:colcon.colcon_core.package_discovery:discover_packages(recursive) check parameters
[0.405s] Level 1:colcon.colcon_core.package_discovery:discover_packages(ignore) check parameters
[0.405s] Level 1:colcon.colcon_core.package_discovery:discover_packages(path) check parameters
[0.405s] Level 1:colcon.colcon_core.package_discovery:discover_packages(colcon_meta) discover
[0.405s] Level 1:colcon.colcon_core.package_discovery:discover_packages(recursive) discover
[0.405s] INFO:colcon.colcon_core.package_discovery:Crawling recursively for packages in '/home/balint/ros2_ws'
[0.406s] Level 1:colcon.colcon_core.package_identification:_identify(.) by extensions ['ignore', 'ignore_ament_install']
[0.406s] Level 1:colcon.colcon_core.package_identification:_identify(.) by extension 'ignore'
[0.406s] Level 1:colcon.colcon_core.package_identification:_identify(.) by extension 'ignore_ament_install'
[0.406s] Level 1:colcon.colcon_core.package_identification:_identify(.) by extensions ['colcon_pkg']
[0.406s] Level 1:colcon.colcon_core.package_identification:_identify(.) by extension 'colcon_pkg'
[0.407s] Level 1:colcon.colcon_core.package_identification:_identify(.) by extensions ['colcon_meta']
[0.407s] Level 1:colcon.colcon_core.package_identification:_identify(.) by extension 'colcon_meta'
[0.407s] Level 1:colcon.colcon_core.package_identification:_identify(.) by extensions ['ros']
[0.407s] Level 1:colcon.colcon_core.package_identification:_identify(.) by extension 'ros'
[0.445s] Level 1:colcon.colcon_core.package_identification:_identify(.) by extensions ['cmake', 'python']
[0.445s] Level 1:colcon.colcon_core.package_identification:_identify(.) by extension 'cmake'
[0.446s] Level 1:colcon.colcon_core.package_identification:_identify(.) by extension 'python'
[0.446s] Level 1:colcon.colcon_core.package_identification:_identify(.) by extensions ['python_setup_py']
[0.446s] Level 1:colcon.colcon_core.package_identification:_identify(.) by extension 'python_setup_py'
[0.446s] Level 1:colcon.colcon_core.package_identification:_identify(build) by extensions ['ignore', 'ignore_ament_install']
[0.446s] Level 1:colcon.colcon_core.package_identification:_identify(build) by extension 'ignore'
[0.446s] Level 1:colcon.colcon_core.package_identification:_identify(build) ignored
[0.446s] Level 1:colcon.colcon_core.package_identification:_identify(install) by extensions ['ignore', 'ignore_ament_install']
[0.447s] Level 1:colcon.colcon_core.package_identification:_identify(install) by extension 'ignore'
[0.447s] Level 1:colcon.colcon_core.package_identification:_identify(install) ignored
[0.447s] Level 1:colcon.colcon_core.package_identification:_identify(log) by extensions ['ignore', 'ignore_ament_install']
[0.447s] Level 1:colcon.colcon_core.package_identification:_identify(log) by extension 'ignore'
[0.447s] Level 1:colcon.colcon_core.package_identification:_identify(log) ignored
[0.447s] Level 1:colcon.colcon_core.package_identification:_identify(src) by extensions ['ignore', 'ignore_ament_install']
[0.447s] Level 1:colcon.colcon_core.package_identification:_identify(src) by extension 'ignore'
[0.447s] Level 1:colcon.colcon_core.package_identification:_identify(src) by extension 'ignore_ament_install'
[0.447s] Level 1:colcon.colcon_core.package_identification:_identify(src) by extensions ['colcon_pkg']
[0.447s] Level 1:colcon.colcon_core.package_identification:_identify(src) by extension 'colcon_pkg'
[0.448s] Level 1:colcon.colcon_core.package_identification:_identify(src) by extensions ['colcon_meta']
[0.448s] Level 1:colcon.colcon_core.package_identification:_identify(src) by extension 'colcon_meta'
[0.448s] Level 1:colcon.colcon_core.package_identification:_identify(src) by extensions ['ros']
[0.448s] Level 1:colcon.colcon_core.package_identification:_identify(src) by extension 'ros'
[0.448s] Level 1:colcon.colcon_core.package_identification:_identify(src) by extensions ['cmake', 'python']
[0.448s] Level 1:colcon.colcon_core.package_identification:_identify(src) by extension 'cmake'
[0.448s] Level 1:colcon.colcon_core.package_identification:_identify(src) by extension 'python'
[0.448s] Level 1:colcon.colcon_core.package_identification:_identify(src) by extensions ['python_setup_py']
[0.448s] Level 1:colcon.colcon_core.package_identification:_identify(src) by extension 'python_setup_py'
[0.448s] Level 1:colcon.colcon_core.package_identification:_identify(src/bme_ros2_tutorials_bringup) by extensions ['ignore', 'ignore_ament_install']
[0.448s] Level 1:colcon.colcon_core.package_identification:_identify(src/bme_ros2_tutorials_bringup) by extension 'ignore'
[0.448s] Level 1:colcon.colcon_core.package_identification:_identify(src/bme_ros2_tutorials_bringup) by extension 'ignore_ament_install'
[0.448s] Level 1:colcon.colcon_core.package_identification:_identify(src/bme_ros2_tutorials_bringup) by extensions ['colcon_pkg']
[0.449s] Level 1:colcon.colcon_core.package_identification:_identify(src/bme_ros2_tutorials_bringup) by extension 'colcon_pkg'
[0.449s] Level 1:colcon.colcon_core.package_identification:_identify(src/bme_ros2_tutorials_bringup) by extensions ['colcon_meta']
[0.449s] Level 1:colcon.colcon_core.package_identification:_identify(src/bme_ros2_tutorials_bringup) by extension 'colcon_meta'
[0.449s] Level 1:colcon.colcon_core.package_identification:_identify(src/bme_ros2_tutorials_bringup) by extensions ['ros']
[0.449s] Level 1:colcon.colcon_core.package_identification:_identify(src/bme_ros2_tutorials_bringup) by extension 'ros'
[0.452s] DEBUG:colcon.colcon_core.package_identification:Package 'src/bme_ros2_tutorials_bringup' with type 'ros.ament_cmake' and name 'bme_ros2_tutorials_bringup'
[0.453s] Level 1:colcon.colcon_core.package_identification:_identify(src/bme_ros2_tutorials_py) by extensions ['ignore', 'ignore_ament_install']
[0.453s] Level 1:colcon.colcon_core.package_identification:_identify(src/bme_ros2_tutorials_py) by extension 'ignore'
[0.453s] Level 1:colcon.colcon_core.package_identification:_identify(src/bme_ros2_tutorials_py) by extension 'ignore_ament_install'
[0.453s] Level 1:colcon.colcon_core.package_identification:_identify(src/bme_ros2_tutorials_py) by extensions ['colcon_pkg']
[0.453s] Level 1:colcon.colcon_core.package_identification:_identify(src/bme_ros2_tutorials_py) by extension 'colcon_pkg'
[0.453s] Level 1:colcon.colcon_core.package_identification:_identify(src/bme_ros2_tutorials_py) by extensions ['colcon_meta']
[0.453s] Level 1:colcon.colcon_core.package_identification:_identify(src/bme_ros2_tutorials_py) by extension 'colcon_meta'
[0.453s] Level 1:colcon.colcon_core.package_identification:_identify(src/bme_ros2_tutorials_py) by extensions ['ros']
[0.453s] Level 1:colcon.colcon_core.package_identification:_identify(src/bme_ros2_tutorials_py) by extension 'ros'
[0.454s] DEBUG:colcon.colcon_core.package_identification:Package 'src/bme_ros2_tutorials_py' with type 'ros.ament_python' and name 'bme_ros2_tutorials_py'
[0.454s] Level 1:colcon.colcon_core.package_discovery:discover_packages(recursive) using defaults
[0.454s] Level 1:colcon.colcon_core.package_discovery:discover_packages(ignore) discover
[0.454s] Level 1:colcon.colcon_core.package_discovery:discover_packages(ignore) using defaults
[0.454s] Level 1:colcon.colcon_core.package_discovery:discover_packages(path) discover
[0.454s] Level 1:colcon.colcon_core.package_discovery:discover_packages(path) using defaults
[0.484s] Level 1:colcon.colcon_core.package_discovery:discover_packages(prefix_path) check parameters
[0.484s] Level 1:colcon.colcon_core.package_discovery:discover_packages(prefix_path) discover
[0.488s] DEBUG:colcon.colcon_installed_package_information.package_discovery:Found 1 installed packages in /home/balint/ros2_ws/install
[0.489s] DEBUG:colcon.colcon_installed_package_information.package_discovery:Found 285 installed packages in /opt/ros/jazzy
[0.490s] Level 1:colcon.colcon_core.package_discovery:discover_packages(prefix_path) using defaults
[0.529s] Level 5:colcon.colcon_core.verb:set package 'bme_ros2_tutorials_bringup' build argument 'cmake_args' from command line to 'None'
[0.529s] Level 5:colcon.colcon_core.verb:set package 'bme_ros2_tutorials_bringup' build argument 'cmake_target' from command line to 'None'
[0.529s] Level 5:colcon.colcon_core.verb:set package 'bme_ros2_tutorials_bringup' build argument 'cmake_target_skip_unavailable' from command line to 'False'
[0.529s] Level 5:colcon.colcon_core.verb:set package 'bme_ros2_tutorials_bringup' build argument 'cmake_clean_cache' from command line to 'False'
[0.529s] Level 5:colcon.colcon_core.verb:set package 'bme_ros2_tutorials_bringup' build argument 'cmake_clean_first' from command line to 'False'
[0.529s] Level 5:colcon.colcon_core.verb:set package 'bme_ros2_tutorials_bringup' build argument 'cmake_force_configure' from command line to 'False'
[0.529s] Level 5:colcon.colcon_core.verb:set package 'bme_ros2_tutorials_bringup' build argument 'ament_cmake_args' from command line to 'None'
[0.529s] Level 5:colcon.colcon_core.verb:set package 'bme_ros2_tutorials_bringup' build argument 'catkin_cmake_args' from command line to 'None'
[0.529s] Level 5:colcon.colcon_core.verb:set package 'bme_ros2_tutorials_bringup' build argument 'catkin_skip_building_tests' from command line to 'False'
[0.529s] DEBUG:colcon.colcon_core.verb:Building package 'bme_ros2_tutorials_bringup' with the following arguments: {'ament_cmake_args': None, 'build_base': '/home/balint/ros2_ws/build/bme_ros2_tutorials_bringup', 'catkin_cmake_args': None, 'catkin_skip_building_tests': False, 'cmake_args': None, 'cmake_clean_cache': False, 'cmake_clean_first': False, 'cmake_force_configure': False, 'cmake_target': None, 'cmake_target_skip_unavailable': False, 'install_base': '/home/balint/ros2_ws/install/bme_ros2_tutorials_bringup', 'merge_install': False, 'path': '/home/balint/ros2_ws/src/bme_ros2_tutorials_bringup', 'symlink_install': False, 'test_result_base': None}
[0.529s] Level 5:colcon.colcon_core.verb:set package 'bme_ros2_tutorials_py' build argument 'cmake_args' from command line to 'None'
[0.529s] Level 5:colcon.colcon_core.verb:set package 'bme_ros2_tutorials_py' build argument 'cmake_target' from command line to 'None'
[0.529s] Level 5:colcon.colcon_core.verb:set package 'bme_ros2_tutorials_py' build argument 'cmake_target_skip_unavailable' from command line to 'False'
[0.529s] Level 5:colcon.colcon_core.verb:set package 'bme_ros2_tutorials_py' build argument 'cmake_clean_cache' from command line to 'False'
[0.530s] Level 5:colcon.colcon_core.verb:set package 'bme_ros2_tutorials_py' build argument 'cmake_clean_first' from command line to 'False'
[0.530s] Level 5:colcon.colcon_core.verb:set package 'bme_ros2_tutorials_py' build argument 'cmake_force_configure' from command line to 'False'
[0.530s] Level 5:colcon.colcon_core.verb:set package 'bme_ros2_tutorials_py' build argument 'ament_cmake_args' from command line to 'None'
[0.530s] Level 5:colcon.colcon_core.verb:set package 'bme_ros2_tutorials_py' build argument 'catkin_cmake_args' from command line to 'None'
[0.530s] Level 5:colcon.colcon_core.verb:set package 'bme_ros2_tutorials_py' build argument 'catkin_skip_building_tests' from command line to 'False'
[0.530s] DEBUG:colcon.colcon_core.verb:Building package 'bme_ros2_tutorials_py' with the following arguments: {'ament_cmake_args': None, 'build_base': '/home/balint/ros2_ws/build/bme_ros2_tutorials_py', 'catkin_cmake_args': None, 'catkin_skip_building_tests': False, 'cmake_args': None, 'cmake_clean_cache': False, 'cmake_clean_first': False, 'cmake_force_configure': False, 'cmake_target': None, 'cmake_target_skip_unavailable': False, 'install_base': '/home/balint/ros2_ws/install/bme_ros2_tutorials_py', 'merge_install': False, 'path': '/home/balint/ros2_ws/src/bme_ros2_tutorials_py', 'symlink_install': False, 'test_result_base': None}
[0.530s] INFO:colcon.colcon_core.executor:Executing jobs using 'parallel' executor
[0.531s] DEBUG:colcon.colcon_parallel_executor.executor.parallel:run_until_complete
[0.531s] INFO:colcon.colcon_ros.task.ament_cmake.build:Building ROS package in '/home/balint/ros2_ws/src/bme_ros2_tutorials_bringup' with build type 'ament_cmake'
[0.531s] INFO:colcon.colcon_cmake.task.cmake.build:Building CMake package in '/home/balint/ros2_ws/src/bme_ros2_tutorials_bringup'
[0.537s] INFO:colcon.colcon_core.plugin_system:Skipping extension 'colcon_core.shell.bat': Not used on non-Windows systems
[0.537s] INFO:colcon.colcon_core.shell:Skip shell extension 'powershell' for command environment: Not usable outside of PowerShell
[0.537s] DEBUG:colcon.colcon_core.shell:Skip shell extension 'dsv' for command environment
[0.541s] INFO:colcon.colcon_ros.task.ament_python.build:Building ROS package in '/home/balint/ros2_ws/src/bme_ros2_tutorials_py' with build type 'ament_python'
[0.541s] Level 1:colcon.colcon_core.shell:create_environment_hook('bme_ros2_tutorials_py', 'ament_prefix_path')
[0.542s] INFO:colcon.colcon_core.shell:Creating environment hook '/home/balint/ros2_ws/install/bme_ros2_tutorials_py/share/bme_ros2_tutorials_py/hook/ament_prefix_path.ps1'
[0.543s] INFO:colcon.colcon_core.shell:Creating environment descriptor '/home/balint/ros2_ws/install/bme_ros2_tutorials_py/share/bme_ros2_tutorials_py/hook/ament_prefix_path.dsv'
[0.544s] INFO:colcon.colcon_core.shell:Creating environment hook '/home/balint/ros2_ws/install/bme_ros2_tutorials_py/share/bme_ros2_tutorials_py/hook/ament_prefix_path.sh'
[0.545s] INFO:colcon.colcon_core.shell:Skip shell extension 'powershell' for command environment: Not usable outside of PowerShell
[0.545s] DEBUG:colcon.colcon_core.shell:Skip shell extension 'dsv' for command environment
[0.551s] DEBUG:colcon.colcon_core.event_handler.log_command:Invoking command in '/home/balint/ros2_ws/build/bme_ros2_tutorials_bringup': CMAKE_PREFIX_PATH=${CMAKE_PREFIX_PATH}:/home/balint/ros2_ws/install/bme_ros2_tutorials_py:/opt/ros/jazzy /usr/bin/cmake /home/balint/ros2_ws/src/bme_ros2_tutorials_bringup -DCMAKE_INSTALL_PREFIX=/home/balint/ros2_ws/install/bme_ros2_tutorials_bringup
[0.795s] INFO:colcon.colcon_core.task.python.build:Building Python package in '/home/balint/ros2_ws/src/bme_ros2_tutorials_py'
[0.796s] INFO:colcon.colcon_core.shell:Skip shell extension 'powershell' for command environment: Not usable outside of PowerShell
[0.796s] DEBUG:colcon.colcon_core.shell:Skip shell extension 'dsv' for command environment
[1.846s] DEBUG:colcon.colcon_core.event_handler.log_command:Invoking command in '/home/balint/ros2_ws/src/bme_ros2_tutorials_py': PYTHONPATH=/home/balint/ros2_ws/build/bme_ros2_tutorials_py/prefix_override:/usr/lib/python3/dist-packages/colcon_core/task/python/colcon_distutils_commands:/home/balint/ros2_ws/install/bme_ros2_tutorials_py/lib/python3.12/site-packages:${PYTHONPATH} /usr/bin/python3 -W ignore:setup.py install is deprecated -W ignore:easy_install command is deprecated setup.py egg_info --egg-base ../../build/bme_ros2_tutorials_py build --build-base /home/balint/ros2_ws/build/bme_ros2_tutorials_py/build install --record /home/balint/ros2_ws/build/bme_ros2_tutorials_py/install.log --single-version-externally-managed install_data
[2.395s] DEBUG:colcon.colcon_core.event_handler.log_command:Invoked command in '/home/balint/ros2_ws/src/bme_ros2_tutorials_py' returned '0': PYTHONPATH=/home/balint/ros2_ws/build/bme_ros2_tutorials_py/prefix_override:/usr/lib/python3/dist-packages/colcon_core/task/python/colcon_distutils_commands:/home/balint/ros2_ws/install/bme_ros2_tutorials_py/lib/python3.12/site-packages:${PYTHONPATH} /usr/bin/python3 -W ignore:setup.py install is deprecated -W ignore:easy_install command is deprecated setup.py egg_info --egg-base ../../build/bme_ros2_tutorials_py build --build-base /home/balint/ros2_ws/build/bme_ros2_tutorials_py/build install --record /home/balint/ros2_ws/build/bme_ros2_tutorials_py/install.log --single-version-externally-managed install_data
[2.404s] Level 1:colcon.colcon_core.environment:checking '/home/balint/ros2_ws/install/bme_ros2_tutorials_py' for CMake module files
[2.405s] Level 1:colcon.colcon_core.environment:checking '/home/balint/ros2_ws/install/bme_ros2_tutorials_py' for CMake config files
[2.409s] Level 1:colcon.colcon_core.environment:checking '/home/balint/ros2_ws/install/bme_ros2_tutorials_py/lib'
[2.409s] Level 1:colcon.colcon_core.environment:checking '/home/balint/ros2_ws/install/bme_ros2_tutorials_py/bin'
[2.409s] Level 1:colcon.colcon_core.environment:checking '/home/balint/ros2_ws/install/bme_ros2_tutorials_py/lib/pkgconfig/bme_ros2_tutorials_py.pc'
[2.410s] Level 1:colcon.colcon_core.environment:checking '/home/balint/ros2_ws/install/bme_ros2_tutorials_py/lib/python3.12/site-packages'
[2.410s] Level 1:colcon.colcon_core.shell:create_environment_hook('bme_ros2_tutorials_py', 'pythonpath')
[2.410s] INFO:colcon.colcon_core.shell:Creating environment hook '/home/balint/ros2_ws/install/bme_ros2_tutorials_py/share/bme_ros2_tutorials_py/hook/pythonpath.ps1'
[2.411s] INFO:colcon.colcon_core.shell:Creating environment descriptor '/home/balint/ros2_ws/install/bme_ros2_tutorials_py/share/bme_ros2_tutorials_py/hook/pythonpath.dsv'
[2.411s] INFO:colcon.colcon_core.shell:Creating environment hook '/home/balint/ros2_ws/install/bme_ros2_tutorials_py/share/bme_ros2_tutorials_py/hook/pythonpath.sh'
[2.412s] Level 1:colcon.colcon_core.environment:checking '/home/balint/ros2_ws/install/bme_ros2_tutorials_py/bin'
[2.412s] Level 1:colcon.colcon_core.environment:create_environment_scripts_only(bme_ros2_tutorials_py)
[2.412s] INFO:colcon.colcon_core.shell:Creating package script '/home/balint/ros2_ws/install/bme_ros2_tutorials_py/share/bme_ros2_tutorials_py/package.ps1'
[2.414s] INFO:colcon.colcon_core.shell:Creating package descriptor '/home/balint/ros2_ws/install/bme_ros2_tutorials_py/share/bme_ros2_tutorials_py/package.dsv'
[2.415s] INFO:colcon.colcon_core.shell:Creating package script '/home/balint/ros2_ws/install/bme_ros2_tutorials_py/share/bme_ros2_tutorials_py/package.sh'
[2.416s] INFO:colcon.colcon_core.shell:Creating package script '/home/balint/ros2_ws/install/bme_ros2_tutorials_py/share/bme_ros2_tutorials_py/package.bash'
[2.417s] INFO:colcon.colcon_core.shell:Creating package script '/home/balint/ros2_ws/install/bme_ros2_tutorials_py/share/bme_ros2_tutorials_py/package.zsh'
[2.418s] Level 1:colcon.colcon_core.environment:create_file_with_runtime_dependencies(/home/balint/ros2_ws/install/bme_ros2_tutorials_py/share/colcon-core/packages/bme_ros2_tutorials_py)
[3.311s] DEBUG:colcon.colcon_core.event_handler.log_command:Invoked command in '/home/balint/ros2_ws/build/bme_ros2_tutorials_bringup' returned '0': CMAKE_PREFIX_PATH=${CMAKE_PREFIX_PATH}:/home/balint/ros2_ws/install/bme_ros2_tutorials_py:/opt/ros/jazzy /usr/bin/cmake /home/balint/ros2_ws/src/bme_ros2_tutorials_bringup -DCMAKE_INSTALL_PREFIX=/home/balint/ros2_ws/install/bme_ros2_tutorials_bringup
[3.312s] DEBUG:colcon.colcon_core.event_handler.log_command:Invoking command in '/home/balint/ros2_ws/build/bme_ros2_tutorials_bringup': CMAKE_PREFIX_PATH=${CMAKE_PREFIX_PATH}:/home/balint/ros2_ws/install/bme_ros2_tutorials_py:/opt/ros/jazzy /usr/bin/cmake --build /home/balint/ros2_ws/build/bme_ros2_tutorials_bringup -- -j6 -l6
[3.345s] DEBUG:colcon.colcon_core.event_handler.log_command:Invoked command in '/home/balint/ros2_ws/build/bme_ros2_tutorials_bringup' returned '0': CMAKE_PREFIX_PATH=${CMAKE_PREFIX_PATH}:/home/balint/ros2_ws/install/bme_ros2_tutorials_py:/opt/ros/jazzy /usr/bin/cmake --build /home/balint/ros2_ws/build/bme_ros2_tutorials_bringup -- -j6 -l6
[3.353s] DEBUG:colcon.colcon_core.event_handler.log_command:Invoking command in '/home/balint/ros2_ws/build/bme_ros2_tutorials_bringup': CMAKE_PREFIX_PATH=${CMAKE_PREFIX_PATH}:/home/balint/ros2_ws/install/bme_ros2_tutorials_py:/opt/ros/jazzy /usr/bin/cmake --install /home/balint/ros2_ws/build/bme_ros2_tutorials_bringup
[3.364s] Level 1:colcon.colcon_core.environment:create_environment_scripts_only(bme_ros2_tutorials_bringup)
[3.365s] Level 1:colcon.colcon_core.environment:checking '/home/balint/ros2_ws/install/bme_ros2_tutorials_bringup' for CMake module files
[3.366s] DEBUG:colcon.colcon_core.event_handler.log_command:Invoked command in '/home/balint/ros2_ws/build/bme_ros2_tutorials_bringup' returned '0': CMAKE_PREFIX_PATH=${CMAKE_PREFIX_PATH}:/home/balint/ros2_ws/install/bme_ros2_tutorials_py:/opt/ros/jazzy /usr/bin/cmake --install /home/balint/ros2_ws/build/bme_ros2_tutorials_bringup
[3.366s] Level 1:colcon.colcon_core.environment:checking '/home/balint/ros2_ws/install/bme_ros2_tutorials_bringup' for CMake config files
[3.366s] Level 1:colcon.colcon_core.shell:create_environment_hook('bme_ros2_tutorials_bringup', 'cmake_prefix_path')
[3.366s] INFO:colcon.colcon_core.shell:Creating environment hook '/home/balint/ros2_ws/install/bme_ros2_tutorials_bringup/share/bme_ros2_tutorials_bringup/hook/cmake_prefix_path.ps1'
[3.367s] INFO:colcon.colcon_core.shell:Creating environment descriptor '/home/balint/ros2_ws/install/bme_ros2_tutorials_bringup/share/bme_ros2_tutorials_bringup/hook/cmake_prefix_path.dsv'
[3.367s] INFO:colcon.colcon_core.shell:Creating environment hook '/home/balint/ros2_ws/install/bme_ros2_tutorials_bringup/share/bme_ros2_tutorials_bringup/hook/cmake_prefix_path.sh'
[3.368s] Level 1:colcon.colcon_core.environment:checking '/home/balint/ros2_ws/install/bme_ros2_tutorials_bringup/bin'
[3.368s] Level 1:colcon.colcon_core.environment:checking '/home/balint/ros2_ws/install/bme_ros2_tutorials_bringup/lib/pkgconfig/bme_ros2_tutorials_bringup.pc'
[3.368s] Level 1:colcon.colcon_core.environment:checking '/home/balint/ros2_ws/install/bme_ros2_tutorials_bringup/lib/python3.12/site-packages'
[3.368s] Level 1:colcon.colcon_core.environment:checking '/home/balint/ros2_ws/install/bme_ros2_tutorials_bringup/bin'
[3.369s] INFO:colcon.colcon_core.shell:Creating package script '/home/balint/ros2_ws/install/bme_ros2_tutorials_bringup/share/bme_ros2_tutorials_bringup/package.ps1'
[3.369s] INFO:colcon.colcon_core.shell:Creating package descriptor '/home/balint/ros2_ws/install/bme_ros2_tutorials_bringup/share/bme_ros2_tutorials_bringup/package.dsv'
[3.369s] INFO:colcon.colcon_core.shell:Creating package script '/home/balint/ros2_ws/install/bme_ros2_tutorials_bringup/share/bme_ros2_tutorials_bringup/package.sh'
[3.370s] INFO:colcon.colcon_core.shell:Creating package script '/home/balint/ros2_ws/install/bme_ros2_tutorials_bringup/share/bme_ros2_tutorials_bringup/package.bash'
[3.370s] INFO:colcon.colcon_core.shell:Creating package script '/home/balint/ros2_ws/install/bme_ros2_tutorials_bringup/share/bme_ros2_tutorials_bringup/package.zsh'
[3.370s] Level 1:colcon.colcon_core.environment:create_file_with_runtime_dependencies(/home/balint/ros2_ws/install/bme_ros2_tutorials_bringup/share/colcon-core/packages/bme_ros2_tutorials_bringup)
[3.371s] Level 1:colcon.colcon_core.environment:create_environment_scripts_only(bme_ros2_tutorials_bringup)
[3.371s] Level 1:colcon.colcon_core.environment:checking '/home/balint/ros2_ws/install/bme_ros2_tutorials_bringup' for CMake module files
[3.372s] Level 1:colcon.colcon_core.environment:checking '/home/balint/ros2_ws/install/bme_ros2_tutorials_bringup' for CMake config files
[3.372s] Level 1:colcon.colcon_core.shell:create_environment_hook('bme_ros2_tutorials_bringup', 'cmake_prefix_path')
[3.372s] INFO:colcon.colcon_core.shell:Creating environment hook '/home/balint/ros2_ws/install/bme_ros2_tutorials_bringup/share/bme_ros2_tutorials_bringup/hook/cmake_prefix_path.ps1'
[3.373s] INFO:colcon.colcon_core.shell:Creating environment descriptor '/home/balint/ros2_ws/install/bme_ros2_tutorials_bringup/share/bme_ros2_tutorials_bringup/hook/cmake_prefix_path.dsv'
[3.373s] INFO:colcon.colcon_core.shell:Creating environment hook '/home/balint/ros2_ws/install/bme_ros2_tutorials_bringup/share/bme_ros2_tutorials_bringup/hook/cmake_prefix_path.sh'
[3.373s] Level 1:colcon.colcon_core.environment:checking '/home/balint/ros2_ws/install/bme_ros2_tutorials_bringup/bin'
[3.373s] Level 1:colcon.colcon_core.environment:checking '/home/balint/ros2_ws/install/bme_ros2_tutorials_bringup/lib/pkgconfig/bme_ros2_tutorials_bringup.pc'
[3.374s] Level 1:colcon.colcon_core.environment:checking '/home/balint/ros2_ws/install/bme_ros2_tutorials_bringup/lib/python3.12/site-packages'
[3.374s] Level 1:colcon.colcon_core.environment:checking '/home/balint/ros2_ws/install/bme_ros2_tutorials_bringup/bin'
[3.374s] INFO:colcon.colcon_core.shell:Creating package script '/home/balint/ros2_ws/install/bme_ros2_tutorials_bringup/share/bme_ros2_tutorials_bringup/package.ps1'
[3.375s] INFO:colcon.colcon_core.shell:Creating package descriptor '/home/balint/ros2_ws/install/bme_ros2_tutorials_bringup/share/bme_ros2_tutorials_bringup/package.dsv'
[3.375s] INFO:colcon.colcon_core.shell:Creating package script '/home/balint/ros2_ws/install/bme_ros2_tutorials_bringup/share/bme_ros2_tutorials_bringup/package.sh'
[3.375s] INFO:colcon.colcon_core.shell:Creating package script '/home/balint/ros2_ws/install/bme_ros2_tutorials_bringup/share/bme_ros2_tutorials_bringup/package.bash'
[3.376s] INFO:colcon.colcon_core.shell:Creating package script '/home/balint/ros2_ws/install/bme_ros2_tutorials_bringup/share/bme_ros2_tutorials_bringup/package.zsh'
[3.376s] Level 1:colcon.colcon_core.environment:create_file_with_runtime_dependencies(/home/balint/ros2_ws/install/bme_ros2_tutorials_bringup/share/colcon-core/packages/bme_ros2_tutorials_bringup)
[3.377s] DEBUG:colcon.colcon_parallel_executor.executor.parallel:closing loop
[3.377s] DEBUG:colcon.colcon_parallel_executor.executor.parallel:loop closed
[3.377s] DEBUG:colcon.colcon_parallel_executor.executor.parallel:run_until_complete finished with '0'
[3.378s] DEBUG:colcon.colcon_core.event_reactor:joining thread
[3.435s] INFO:colcon.colcon_core.plugin_system:Skipping extension 'colcon_notification.desktop_notification.notify_send': Could not find 'notify-send'
[3.435s] INFO:colcon.colcon_core.plugin_system:Skipping extension 'colcon_notification.desktop_notification.terminal_notifier': Not used on non-Darwin systems
[3.435s] INFO:colcon.colcon_core.plugin_system:Skipping extension 'colcon_notification.desktop_notification.win32': Not used on non-Windows systems
[3.435s] INFO:colcon.colcon_notification.desktop_notification:Sending desktop notification using 'notify2'
[3.436s] DEBUG:colcon.colcon_notification.desktop_notification.notify2:Failed to initialize notify2: org.freedesktop.DBus.Error.ServiceUnknown: The name org.freedesktop.Notifications was not provided by any .service files
[3.437s] DEBUG:colcon.colcon_core.event_reactor:joined thread
[3.437s] INFO:colcon.colcon_core.shell:Creating prefix script '/home/balint/ros2_ws/install/local_setup.ps1'
[3.439s] INFO:colcon.colcon_core.shell:Creating prefix util module '/home/balint/ros2_ws/install/_local_setup_util_ps1.py'
[3.440s] INFO:colcon.colcon_core.shell:Creating prefix chain script '/home/balint/ros2_ws/install/setup.ps1'
[3.441s] INFO:colcon.colcon_core.shell:Creating prefix script '/home/balint/ros2_ws/install/local_setup.sh'
[3.442s] INFO:colcon.colcon_core.shell:Creating prefix util module '/home/balint/ros2_ws/install/_local_setup_util_sh.py'
[3.443s] INFO:colcon.colcon_core.shell:Creating prefix chain script '/home/balint/ros2_ws/install/setup.sh'
[3.444s] INFO:colcon.colcon_core.shell:Creating prefix script '/home/balint/ros2_ws/install/local_setup.bash'
[3.445s] INFO:colcon.colcon_core.shell:Creating prefix chain script '/home/balint/ros2_ws/install/setup.bash'
[3.446s] INFO:colcon.colcon_core.shell:Creating prefix script '/home/balint/ros2_ws/install/local_setup.zsh'
[3.447s] INFO:colcon.colcon_core.shell:Creating prefix chain script '/home/balint/ros2_ws/install/setup.zsh'
