[0.048s] Invoking command in '/home/balint/ros2_ws/build/turtlebot3_hardware': CMAKE_PREFIX_PATH=${CMAKE_PREFIX_PATH}:/home/balint/ros2_ws/install/bme_ros2_tutorials_py:/opt/ros/jazzy /usr/bin/cmake /home/balint/ros2_ws/turtlebot3/turtlebot3_hardware -DCMAKE_INSTALL_PREFIX=/home/balint/ros2_ws/install/turtlebot3_hardware
[0.534s] -- The C compiler identification is GNU 13.3.0
[1.591s] -- The CXX compiler identification is GNU 13.3.0
[2.638s] -- Detecting C compiler ABI info
[3.053s] -- Detecting C compiler ABI info - done
[3.078s] -- Check for working C compiler: /usr/bin/cc - skipped
[3.079s] -- Detecting C compile features
[3.081s] -- Detecting C compile features - done
[3.294s] -- Detecting CXX compiler ABI info
[3.723s] -- Detecting CXX compiler ABI info - done
[3.747s] -- Check for working CXX compiler: /usr/bin/c++ - skipped
[3.747s] -- Detecting CXX compile features
[3.749s] -- Detecting CXX compile features - done
[3.777s] -- Found ament_cmake: 2.5.4 (/opt/ros/jazzy/share/ament_cmake/cmake)
[4.051s] -- Found Python3: /usr/bin/python3 (found version "3.12.3") found components: Interpreter 
[4.350s] -- Found dynamixel_sdk: 3.8.3 (/opt/ros/jazzy/share/dynamixel_sdk/cmake)
[4.360s] -- Found hardware_interface: 4.28.1 (/opt/ros/jazzy/share/hardware_interface/cmake)
[4.764s] -- Found rosidl_generator_c: 4.6.5 (/opt/ros/jazzy/share/rosidl_generator_c/cmake)
[4.814s] -- Found rosidl_generator_cpp: 4.6.5 (/opt/ros/jazzy/share/rosidl_generator_cpp/cmake)
[4.878s] -- Using all available rosidl_typesupport_c: rosidl_typesupport_fastrtps_c;rosidl_typesupport_introspection_c
[4.932s] -- Using all available rosidl_typesupport_cpp: rosidl_typesupport_fastrtps_cpp;rosidl_typesupport_introspection_cpp
[5.562s] -- Found TinyXML2 via Config file: /usr/lib/x86_64-linux-gnu/cmake/tinyxml2
[5.699s] -- Found rmw_implementation_cmake: 7.3.2 (/opt/ros/jazzy/share/rmw_implementation_cmake/cmake)
[5.708s] -- Found rmw_fastrtps_cpp: 8.4.2 (/opt/ros/jazzy/share/rmw_fastrtps_cpp/cmake)
[5.767s] -- Found TinyXML2 via Config file: /usr/lib/x86_64-linux-gnu/cmake/tinyxml2
[5.880s] -- Found OpenSSL: /usr/lib/x86_64-linux-gnu/libcrypto.so (found version "3.0.13")  
[5.888s] -- Found TinyXML2 via Config file: /usr/lib/x86_64-linux-gnu/cmake/tinyxml2
[6.315s] -- Found FastRTPS: /opt/ros/jazzy/include (Required is at least version "2.13") 
[6.324s] -- Found TinyXML2 via Config file: /usr/lib/x86_64-linux-gnu/cmake/tinyxml2
[6.343s] -- Found TinyXML2 via Config file: /usr/lib/x86_64-linux-gnu/cmake/tinyxml2
[6.550s] -- Using RMW implementation 'rmw_fastrtps_cpp' as default
[7.866s] -- Configuring done (7.7s)
[7.969s] -- Generating done (0.1s)
[7.983s] -- Build files have been written to: /home/balint/ros2_ws/build/turtlebot3_hardware
[8.012s] Invoked command in '/home/balint/ros2_ws/build/turtlebot3_hardware' returned '0': CMAKE_PREFIX_PATH=${CMAKE_PREFIX_PATH}:/home/balint/ros2_ws/install/bme_ros2_tutorials_py:/opt/ros/jazzy /usr/bin/cmake /home/balint/ros2_ws/turtlebot3/turtlebot3_hardware -DCMAKE_INSTALL_PREFIX=/home/balint/ros2_ws/install/turtlebot3_hardware
[8.013s] Invoking command in '/home/balint/ros2_ws/build/turtlebot3_hardware': CMAKE_PREFIX_PATH=${CMAKE_PREFIX_PATH}:/home/balint/ros2_ws/install/bme_ros2_tutorials_py:/opt/ros/jazzy /usr/bin/cmake --build /home/balint/ros2_ws/build/turtlebot3_hardware -- -j6 -l6
[8.747s] [ 25%] [32mBuilding CXX object CMakeFiles/turtlebot3_hardware.dir/src/dynamixel_sdk_wrapper.cpp.o[0m
[8.747s] [ 50%] [32mBuilding CXX object CMakeFiles/turtlebot3_hardware.dir/src/opencr.cpp.o[0m
[8.747s] [ 75%] [32mBuilding CXX object CMakeFiles/turtlebot3_hardware.dir/src/turtlebot3_system.cpp.o[0m
[18.164s] [100%] [32m[1mLinking CXX shared library libturtlebot3_hardware.so[0m
[20.256s] [100%] Built target turtlebot3_hardware
[20.273s] Invoked command in '/home/balint/ros2_ws/build/turtlebot3_hardware' returned '0': CMAKE_PREFIX_PATH=${CMAKE_PREFIX_PATH}:/home/balint/ros2_ws/install/bme_ros2_tutorials_py:/opt/ros/jazzy /usr/bin/cmake --build /home/balint/ros2_ws/build/turtlebot3_hardware -- -j6 -l6
[20.273s] Invoking command in '/home/balint/ros2_ws/build/turtlebot3_hardware': CMAKE_PREFIX_PATH=${CMAKE_PREFIX_PATH}:/home/balint/ros2_ws/install/bme_ros2_tutorials_py:/opt/ros/jazzy /usr/bin/cmake --install /home/balint/ros2_ws/build/turtlebot3_hardware
[20.283s] -- Install configuration: ""
[20.284s] -- Installing: /home/balint/ros2_ws/install/turtlebot3_hardware/share/turtlebot3_hardware/turtlebot3_hardware.xml
[20.285s] -- Installing: /home/balint/ros2_ws/install/turtlebot3_hardware/include
[20.286s] -- Installing: /home/balint/ros2_ws/install/turtlebot3_hardware/include/turtlebot3_hardware
[20.286s] -- Installing: /home/balint/ros2_ws/install/turtlebot3_hardware/include/turtlebot3_hardware/turtlebot3_system.hpp
[20.287s] -- Installing: /home/balint/ros2_ws/install/turtlebot3_hardware/include/turtlebot3_hardware/dynamixel_sdk_wrapper.hpp
[20.287s] -- Installing: /home/balint/ros2_ws/install/turtlebot3_hardware/include/turtlebot3_hardware/opencr_definitions.hpp
[20.287s] -- Installing: /home/balint/ros2_ws/install/turtlebot3_hardware/include/turtlebot3_hardware/opencr_control_table.hpp
[20.287s] -- Installing: /home/balint/ros2_ws/install/turtlebot3_hardware/include/turtlebot3_hardware/visibility_control.h
[20.287s] -- Installing: /home/balint/ros2_ws/install/turtlebot3_hardware/include/turtlebot3_hardware/opencr.hpp
[20.289s] -- Installing: /home/balint/ros2_ws/install/turtlebot3_hardware/lib/libturtlebot3_hardware.so
[20.293s] -- Set non-toolchain portion of runtime path of "/home/balint/ros2_ws/install/turtlebot3_hardware/lib/libturtlebot3_hardware.so" to ""
[20.293s] -- Installing: /home/balint/ros2_ws/install/turtlebot3_hardware/share/turtlebot3_hardware/environment/library_path.sh
[20.293s] -- Installing: /home/balint/ros2_ws/install/turtlebot3_hardware/share/turtlebot3_hardware/environment/library_path.dsv
[20.295s] -- Installing: /home/balint/ros2_ws/install/turtlebot3_hardware/share/ament_index/resource_index/package_run_dependencies/turtlebot3_hardware
[20.296s] -- Installing: /home/balint/ros2_ws/install/turtlebot3_hardware/share/ament_index/resource_index/parent_prefix_path/turtlebot3_hardware
[20.296s] -- Installing: /home/balint/ros2_ws/install/turtlebot3_hardware/share/turtlebot3_hardware/environment/ament_prefix_path.sh
[20.296s] -- Installing: /home/balint/ros2_ws/install/turtlebot3_hardware/share/turtlebot3_hardware/environment/ament_prefix_path.dsv
[20.297s] -- Installing: /home/balint/ros2_ws/install/turtlebot3_hardware/share/turtlebot3_hardware/environment/path.sh
[20.297s] -- Installing: /home/balint/ros2_ws/install/turtlebot3_hardware/share/turtlebot3_hardware/environment/path.dsv
[20.297s] -- Installing: /home/balint/ros2_ws/install/turtlebot3_hardware/share/turtlebot3_hardware/local_setup.bash
[20.297s] -- Installing: /home/balint/ros2_ws/install/turtlebot3_hardware/share/turtlebot3_hardware/local_setup.sh
[20.298s] -- Installing: /home/balint/ros2_ws/install/turtlebot3_hardware/share/turtlebot3_hardware/local_setup.zsh
[20.298s] -- Installing: /home/balint/ros2_ws/install/turtlebot3_hardware/share/turtlebot3_hardware/local_setup.dsv
[20.298s] -- Installing: /home/balint/ros2_ws/install/turtlebot3_hardware/share/turtlebot3_hardware/package.dsv
[20.299s] -- Installing: /home/balint/ros2_ws/install/turtlebot3_hardware/share/ament_index/resource_index/packages/turtlebot3_hardware
[20.299s] -- Installing: /home/balint/ros2_ws/install/turtlebot3_hardware/share/ament_index/resource_index/hardware_interface__pluginlib__plugin/turtlebot3_hardware
[20.300s] -- Installing: /home/balint/ros2_ws/install/turtlebot3_hardware/share/turtlebot3_hardware/cmake/ament_cmake_export_include_directories-extras.cmake
[20.301s] -- Installing: /home/balint/ros2_ws/install/turtlebot3_hardware/share/turtlebot3_hardware/cmake/ament_cmake_export_libraries-extras.cmake
[20.301s] -- Installing: /home/balint/ros2_ws/install/turtlebot3_hardware/share/turtlebot3_hardware/cmake/ament_cmake_export_dependencies-extras.cmake
[20.301s] -- Installing: /home/balint/ros2_ws/install/turtlebot3_hardware/share/turtlebot3_hardware/cmake/turtlebot3_hardwareConfig.cmake
[20.301s] -- Installing: /home/balint/ros2_ws/install/turtlebot3_hardware/share/turtlebot3_hardware/cmake/turtlebot3_hardwareConfig-version.cmake
[20.301s] -- Installing: /home/balint/ros2_ws/install/turtlebot3_hardware/share/turtlebot3_hardware/package.xml
[20.313s] Invoked command in '/home/balint/ros2_ws/build/turtlebot3_hardware' returned '0': CMAKE_PREFIX_PATH=${CMAKE_PREFIX_PATH}:/home/balint/ros2_ws/install/bme_ros2_tutorials_py:/opt/ros/jazzy /usr/bin/cmake --install /home/balint/ros2_ws/build/turtlebot3_hardware
