[0.062s] Invoking command in '/home/balint/ros2_ws/build/turtlebot3_navigation2': CMAKE_PREFIX_PATH=${CMAKE_PREFIX_PATH}:/home/balint/ros2_ws/install/bme_ros2_tutorials_py:/opt/ros/jazzy /usr/bin/cmake /home/balint/ros2_ws/turtlebot3/turtlebot3_navigation2 -DCMAKE_INSTALL_PREFIX=/home/balint/ros2_ws/install/turtlebot3_navigation2
[4.617s] -- The C compiler identification is GNU 13.3.0
[4.618s] -- The CXX compiler identification is GNU 13.3.0
[4.618s] -- Detecting C compiler ABI info
[4.620s] -- Detecting C compiler ABI info - done
[4.620s] -- Check for working C compiler: /usr/bin/cc - skipped
[4.620s] -- Detecting C compile features
[4.620s] -- Detecting C compile features - done
[4.620s] -- Detecting CXX compiler ABI info
[4.621s] -- Detecting CXX compiler ABI info - done
[4.621s] -- Check for working CXX compiler: /usr/bin/c++ - skipped
[4.621s] -- Detecting CXX compile features
[4.621s] -- Detecting CXX compile features - done
[4.621s] -- Found ament_cmake: 2.5.4 (/opt/ros/jazzy/share/ament_cmake/cmake)
[4.621s] -- Found Python3: /usr/bin/python3 (found version "3.12.3") found components: Interpreter 
[4.621s] -- Configuring done (4.4s)
[4.621s] -- Generating done (0.0s)
[4.621s] -- Build files have been written to: /home/balint/ros2_ws/build/turtlebot3_navigation2
[4.624s] Invoked command in '/home/balint/ros2_ws/build/turtlebot3_navigation2' returned '0': CMAKE_PREFIX_PATH=${CMAKE_PREFIX_PATH}:/home/balint/ros2_ws/install/bme_ros2_tutorials_py:/opt/ros/jazzy /usr/bin/cmake /home/balint/ros2_ws/turtlebot3/turtlebot3_navigation2 -DCMAKE_INSTALL_PREFIX=/home/balint/ros2_ws/install/turtlebot3_navigation2
[4.625s] Invoking command in '/home/balint/ros2_ws/build/turtlebot3_navigation2': CMAKE_PREFIX_PATH=${CMAKE_PREFIX_PATH}:/home/balint/ros2_ws/install/bme_ros2_tutorials_py:/opt/ros/jazzy /usr/bin/cmake --build /home/balint/ros2_ws/build/turtlebot3_navigation2 -- -j6 -l6
[4.701s] Invoked command in '/home/balint/ros2_ws/build/turtlebot3_navigation2' returned '0': CMAKE_PREFIX_PATH=${CMAKE_PREFIX_PATH}:/home/balint/ros2_ws/install/bme_ros2_tutorials_py:/opt/ros/jazzy /usr/bin/cmake --build /home/balint/ros2_ws/build/turtlebot3_navigation2 -- -j6 -l6
[4.702s] Invoking command in '/home/balint/ros2_ws/build/turtlebot3_navigation2': CMAKE_PREFIX_PATH=${CMAKE_PREFIX_PATH}:/home/balint/ros2_ws/install/bme_ros2_tutorials_py:/opt/ros/jazzy /usr/bin/cmake --install /home/balint/ros2_ws/build/turtlebot3_navigation2
[4.716s] -- Install configuration: ""
[4.717s] -- Installing: /home/balint/ros2_ws/install/turtlebot3_navigation2/share/turtlebot3_navigation2/launch
[4.718s] -- Installing: /home/balint/ros2_ws/install/turtlebot3_navigation2/share/turtlebot3_navigation2/launch/navigation2.launch.py
[4.719s] -- Installing: /home/balint/ros2_ws/install/turtlebot3_navigation2/share/turtlebot3_navigation2/launch/navigation2_use_sim_time.launch.py
[4.719s] -- Installing: /home/balint/ros2_ws/install/turtlebot3_navigation2/share/turtlebot3_navigation2/map
[4.720s] -- Installing: /home/balint/ros2_ws/install/turtlebot3_navigation2/share/turtlebot3_navigation2/map/turtlebot3_world.pgm
[4.727s] -- Installing: /home/balint/ros2_ws/install/turtlebot3_navigation2/share/turtlebot3_navigation2/map/turtlebot3_world.yaml
[4.729s] -- Installing: /home/balint/ros2_ws/install/turtlebot3_navigation2/share/turtlebot3_navigation2/param
[4.729s] -- Installing: /home/balint/ros2_ws/install/turtlebot3_navigation2/share/turtlebot3_navigation2/param/waffle_pi.yaml
[4.730s] -- Installing: /home/balint/ros2_ws/install/turtlebot3_navigation2/share/turtlebot3_navigation2/param/burger_use_sim_time.yaml
[4.731s] -- Installing: /home/balint/ros2_ws/install/turtlebot3_navigation2/share/turtlebot3_navigation2/param/burger.yaml
[4.732s] -- Installing: /home/balint/ros2_ws/install/turtlebot3_navigation2/share/turtlebot3_navigation2/param/waffle_pi_use_sim_time.yaml
[4.733s] -- Installing: /home/balint/ros2_ws/install/turtlebot3_navigation2/share/turtlebot3_navigation2/rviz
[4.734s] -- Installing: /home/balint/ros2_ws/install/turtlebot3_navigation2/share/turtlebot3_navigation2/rviz/navigation2.rviz
[4.743s] -- Installing: /home/balint/ros2_ws/install/turtlebot3_navigation2/share/ament_index/resource_index/package_run_dependencies/turtlebot3_navigation2
[4.745s] -- Installing: /home/balint/ros2_ws/install/turtlebot3_navigation2/share/ament_index/resource_index/parent_prefix_path/turtlebot3_navigation2
[4.746s] -- Installing: /home/balint/ros2_ws/install/turtlebot3_navigation2/share/turtlebot3_navigation2/environment/ament_prefix_path.sh
[4.747s] -- Installing: /home/balint/ros2_ws/install/turtlebot3_navigation2/share/turtlebot3_navigation2/environment/ament_prefix_path.dsv
[4.747s] -- Installing: /home/balint/ros2_ws/install/turtlebot3_navigation2/share/turtlebot3_navigation2/environment/path.sh
[4.747s] -- Installing: /home/balint/ros2_ws/install/turtlebot3_navigation2/share/turtlebot3_navigation2/environment/path.dsv
[4.748s] -- Installing: /home/balint/ros2_ws/install/turtlebot3_navigation2/share/turtlebot3_navigation2/local_setup.bash
[4.748s] -- Installing: /home/balint/ros2_ws/install/turtlebot3_navigation2/share/turtlebot3_navigation2/local_setup.sh
[4.748s] -- Installing: /home/balint/ros2_ws/install/turtlebot3_navigation2/share/turtlebot3_navigation2/local_setup.zsh
[4.748s] -- Installing: /home/balint/ros2_ws/install/turtlebot3_navigation2/share/turtlebot3_navigation2/local_setup.dsv
[4.748s] -- Installing: /home/balint/ros2_ws/install/turtlebot3_navigation2/share/turtlebot3_navigation2/package.dsv
[4.749s] -- Installing: /home/balint/ros2_ws/install/turtlebot3_navigation2/share/ament_index/resource_index/packages/turtlebot3_navigation2
[4.749s] -- Installing: /home/balint/ros2_ws/install/turtlebot3_navigation2/share/turtlebot3_navigation2/cmake/turtlebot3_navigation2Config.cmake
[4.749s] -- Installing: /home/balint/ros2_ws/install/turtlebot3_navigation2/share/turtlebot3_navigation2/cmake/turtlebot3_navigation2Config-version.cmake
[4.749s] -- Installing: /home/balint/ros2_ws/install/turtlebot3_navigation2/share/turtlebot3_navigation2/package.xml
[4.752s] Invoked command in '/home/balint/ros2_ws/build/turtlebot3_navigation2' returned '0': CMAKE_PREFIX_PATH=${CMAKE_PREFIX_PATH}:/home/balint/ros2_ws/install/bme_ros2_tutorials_py:/opt/ros/jazzy /usr/bin/cmake --install /home/balint/ros2_ws/build/turtlebot3_navigation2
