[0.991s] Invoking command in '/home/balint/ros2_ws/src/bme_ros2_tutorials_py': PYTHONPATH=/home/balint/ros2_ws/build/bme_ros2_tutorials_py/prefix_override:/usr/lib/python3/dist-packages/colcon_core/task/python/colcon_distutils_commands:/home/balint/ros2_ws/install/bme_ros2_tutorials_py/lib/python3.12/site-packages:${PYTHONPATH} /usr/bin/python3 -W ignore:setup.py install is deprecated -W ignore:easy_install command is deprecated setup.py egg_info --egg-base ../../build/bme_ros2_tutorials_py build --build-base /home/balint/ros2_ws/build/bme_ros2_tutorials_py/build install --record /home/balint/ros2_ws/build/bme_ros2_tutorials_py/install.log --single-version-externally-managed install_data
[1.234s] running egg_info
[1.235s] creating ../../build/bme_ros2_tutorials_py/bme_ros2_tutorials_py.egg-info
[1.252s] writing ../../build/bme_ros2_tutorials_py/bme_ros2_tutorials_py.egg-info/PKG-INFO
[1.252s] writing dependency_links to ../../build/bme_ros2_tutorials_py/bme_ros2_tutorials_py.egg-info/dependency_links.txt
[1.252s] writing requirements to ../../build/bme_ros2_tutorials_py/bme_ros2_tutorials_py.egg-info/requires.txt
[1.252s] writing top-level names to ../../build/bme_ros2_tutorials_py/bme_ros2_tutorials_py.egg-info/top_level.txt
[1.252s] writing manifest file '../../build/bme_ros2_tutorials_py/bme_ros2_tutorials_py.egg-info/SOURCES.txt'
[1.290s] reading manifest file '../../build/bme_ros2_tutorials_py/bme_ros2_tutorials_py.egg-info/SOURCES.txt'
[1.290s] writing manifest file '../../build/bme_ros2_tutorials_py/bme_ros2_tutorials_py.egg-info/SOURCES.txt'
[1.291s] running build
[1.291s] running build_py
[1.291s] creating /home/balint/ros2_ws/build/bme_ros2_tutorials_py/build
[1.291s] creating /home/balint/ros2_ws/build/bme_ros2_tutorials_py/build/lib
[1.291s] creating /home/balint/ros2_ws/build/bme_ros2_tutorials_py/build/lib/bme_ros2_tutorials_py
[1.292s] copying bme_ros2_tutorials_py/__init__.py -> /home/balint/ros2_ws/build/bme_ros2_tutorials_py/build/lib/bme_ros2_tutorials_py
[1.292s] copying bme_ros2_tutorials_py/hello_word.py -> /home/balint/ros2_ws/build/bme_ros2_tutorials_py/build/lib/bme_ros2_tutorials_py
[1.292s] running install
[1.297s] running install_lib
[1.316s] creating /home/balint/ros2_ws/install/bme_ros2_tutorials_py/lib/python3.12/site-packages/bme_ros2_tutorials_py
[1.316s] copying /home/balint/ros2_ws/build/bme_ros2_tutorials_py/build/lib/bme_ros2_tutorials_py/__init__.py -> /home/balint/ros2_ws/install/bme_ros2_tutorials_py/lib/python3.12/site-packages/bme_ros2_tutorials_py
[1.316s] copying /home/balint/ros2_ws/build/bme_ros2_tutorials_py/build/lib/bme_ros2_tutorials_py/hello_word.py -> /home/balint/ros2_ws/install/bme_ros2_tutorials_py/lib/python3.12/site-packages/bme_ros2_tutorials_py
[1.317s] byte-compiling /home/balint/ros2_ws/install/bme_ros2_tutorials_py/lib/python3.12/site-packages/bme_ros2_tutorials_py/__init__.py to __init__.cpython-312.pyc
[1.317s] byte-compiling /home/balint/ros2_ws/install/bme_ros2_tutorials_py/lib/python3.12/site-packages/bme_ros2_tutorials_py/hello_word.py to hello_word.cpython-312.pyc
[1.317s] running install_data
[1.317s] creating /home/balint/ros2_ws/install/bme_ros2_tutorials_py/share/ament_index
[1.318s] creating /home/balint/ros2_ws/install/bme_ros2_tutorials_py/share/ament_index/resource_index
[1.318s] creating /home/balint/ros2_ws/install/bme_ros2_tutorials_py/share/ament_index/resource_index/packages
[1.318s] copying resource/bme_ros2_tutorials_py -> /home/balint/ros2_ws/install/bme_ros2_tutorials_py/share/ament_index/resource_index/packages
[1.319s] copying package.xml -> /home/balint/ros2_ws/install/bme_ros2_tutorials_py/share/bme_ros2_tutorials_py
[1.319s] running install_egg_info
[1.339s] Copying ../../build/bme_ros2_tutorials_py/bme_ros2_tutorials_py.egg-info to /home/balint/ros2_ws/install/bme_ros2_tutorials_py/lib/python3.12/site-packages/bme_ros2_tutorials_py-0.0.0-py3.12.egg-info
[1.340s] running install_scripts
[1.457s] writing list of installed files to '/home/balint/ros2_ws/build/bme_ros2_tutorials_py/install.log'
[1.501s] Invoked command in '/home/balint/ros2_ws/src/bme_ros2_tutorials_py' returned '0': PYTHONPATH=/home/balint/ros2_ws/build/bme_ros2_tutorials_py/prefix_override:/usr/lib/python3/dist-packages/colcon_core/task/python/colcon_distutils_commands:/home/balint/ros2_ws/install/bme_ros2_tutorials_py/lib/python3.12/site-packages:${PYTHONPATH} /usr/bin/python3 -W ignore:setup.py install is deprecated -W ignore:easy_install command is deprecated setup.py egg_info --egg-base ../../build/bme_ros2_tutorials_py build --build-base /home/balint/ros2_ws/build/bme_ros2_tutorials_py/build install --record /home/balint/ros2_ws/build/bme_ros2_tutorials_py/install.log --single-version-externally-managed install_data
