[0.032s] Invoking command in '/home/balint/ros2_ws/build/bme_ros2_tutorials_bringup': CMAKE_PREFIX_PATH=${CMAKE_PREFIX_PATH}:/home/balint/ros2_ws/install/turtlebot3_teleop:/home/balint/ros2_ws/install/turtlebot3_example:/home/balint/ros2_ws/install/bme_ros2_tutorials_py:/opt/ros/jazzy /usr/bin/cmake --build /home/balint/ros2_ws/build/bme_ros2_tutorials_bringup -- -j6 -l6
[0.307s] Invoked command in '/home/balint/ros2_ws/build/bme_ros2_tutorials_bringup' returned '0': CMAKE_PREFIX_PATH=${CMAKE_PREFIX_PATH}:/home/balint/ros2_ws/install/turtlebot3_teleop:/home/balint/ros2_ws/install/turtlebot3_example:/home/balint/ros2_ws/install/bme_ros2_tutorials_py:/opt/ros/jazzy /usr/bin/cmake --build /home/balint/ros2_ws/build/bme_ros2_tutorials_bringup -- -j6 -l6
[0.309s] Invoking command in '/home/balint/ros2_ws/build/bme_ros2_tutorials_bringup': CMAKE_PREFIX_PATH=${CMAKE_PREFIX_PATH}:/home/balint/ros2_ws/install/turtlebot3_teleop:/home/balint/ros2_ws/install/turtlebot3_example:/home/balint/ros2_ws/install/bme_ros2_tutorials_py:/opt/ros/jazzy /usr/bin/cmake --install /home/balint/ros2_ws/build/bme_ros2_tutorials_bringup
[0.356s] -- Install configuration: ""
[0.357s] -- Up-to-date: /home/balint/ros2_ws/install/bme_ros2_tutorials_bringup/share/ament_index/resource_index/package_run_dependencies/bme_ros2_tutorials_bringup
[0.358s] -- Up-to-date: /home/balint/ros2_ws/install/bme_ros2_tutorials_bringup/share/ament_index/resource_index/parent_prefix_path/bme_ros2_tutorials_bringup
[0.359s] -- Up-to-date: /home/balint/ros2_ws/install/bme_ros2_tutorials_bringup/share/bme_ros2_tutorials_bringup/environment/ament_prefix_path.sh
[0.359s] -- Up-to-date: /home/balint/ros2_ws/install/bme_ros2_tutorials_bringup/share/bme_ros2_tutorials_bringup/environment/ament_prefix_path.dsv
[0.360s] -- Up-to-date: /home/balint/ros2_ws/install/bme_ros2_tutorials_bringup/share/bme_ros2_tutorials_bringup/environment/path.sh
[0.360s] -- Up-to-date: /home/balint/ros2_ws/install/bme_ros2_tutorials_bringup/share/bme_ros2_tutorials_bringup/environment/path.dsv
[0.361s] -- Up-to-date: /home/balint/ros2_ws/install/bme_ros2_tutorials_bringup/share/bme_ros2_tutorials_bringup/local_setup.bash
[0.362s] -- Up-to-date: /home/balint/ros2_ws/install/bme_ros2_tutorials_bringup/share/bme_ros2_tutorials_bringup/local_setup.sh
[0.363s] -- Up-to-date: /home/balint/ros2_ws/install/bme_ros2_tutorials_bringup/share/bme_ros2_tutorials_bringup/local_setup.zsh
[0.363s] -- Up-to-date: /home/balint/ros2_ws/install/bme_ros2_tutorials_bringup/share/bme_ros2_tutorials_bringup/local_setup.dsv
[0.364s] -- Installing: /home/balint/ros2_ws/install/bme_ros2_tutorials_bringup/share/bme_ros2_tutorials_bringup/package.dsv
[0.364s] -- Up-to-date: /home/balint/ros2_ws/install/bme_ros2_tutorials_bringup/share/ament_index/resource_index/packages/bme_ros2_tutorials_bringup
[0.364s] -- Up-to-date: /home/balint/ros2_ws/install/bme_ros2_tutorials_bringup/share/bme_ros2_tutorials_bringup/cmake/bme_ros2_tutorials_bringupConfig.cmake
[0.365s] -- Up-to-date: /home/balint/ros2_ws/install/bme_ros2_tutorials_bringup/share/bme_ros2_tutorials_bringup/cmake/bme_ros2_tutorials_bringupConfig-version.cmake
[0.366s] -- Up-to-date: /home/balint/ros2_ws/install/bme_ros2_tutorials_bringup/share/bme_ros2_tutorials_bringup/package.xml
[0.366s] -- Up-to-date: /home/balint/ros2_ws/install/bme_ros2_tutorials_bringup/share/bme_ros2_tutorials_bringup/launch
[0.367s] -- Up-to-date: /home/balint/ros2_ws/install/bme_ros2_tutorials_bringup/share/bme_ros2_tutorials_bringup/launch/publisher_subscriber.launch.py
[0.404s] Invoked command in '/home/balint/ros2_ws/build/bme_ros2_tutorials_bringup' returned '0': CMAKE_PREFIX_PATH=${CMAKE_PREFIX_PATH}:/home/balint/ros2_ws/install/turtlebot3_teleop:/home/balint/ros2_ws/install/turtlebot3_example:/home/balint/ros2_ws/install/bme_ros2_tutorials_py:/opt/ros/jazzy /usr/bin/cmake --install /home/balint/ros2_ws/build/bme_ros2_tutorials_bringup
