[1.128s] Invoking command in '/home/balint/ros2_ws/src/bme_ros2_tutorials_py': PYTHONPATH=/home/balint/ros2_ws/build/bme_ros2_tutorials_py/prefix_override:/usr/lib/python3/dist-packages/colcon_core/task/python/colcon_distutils_commands:/home/balint/ros2_ws/install/bme_ros2_tutorials_py/lib/python3.12/site-packages:${PYTHONPATH} /usr/bin/python3 -W ignore:setup.py install is deprecated -W ignore:easy_install command is deprecated setup.py egg_info --egg-base ../../build/bme_ros2_tutorials_py build --build-base /home/balint/ros2_ws/build/bme_ros2_tutorials_py/build install --record /home/balint/ros2_ws/build/bme_ros2_tutorials_py/install.log --single-version-externally-managed install_data
[1.369s] running egg_info
[1.387s] writing ../../build/bme_ros2_tutorials_py/bme_ros2_tutorials_py.egg-info/PKG-INFO
[1.387s] writing dependency_links to ../../build/bme_ros2_tutorials_py/bme_ros2_tutorials_py.egg-info/dependency_links.txt
[1.388s] writing entry points to ../../build/bme_ros2_tutorials_py/bme_ros2_tutorials_py.egg-info/entry_points.txt
[1.388s] writing requirements to ../../build/bme_ros2_tutorials_py/bme_ros2_tutorials_py.egg-info/requires.txt
[1.388s] writing top-level names to ../../build/bme_ros2_tutorials_py/bme_ros2_tutorials_py.egg-info/top_level.txt
[1.427s] reading manifest file '../../build/bme_ros2_tutorials_py/bme_ros2_tutorials_py.egg-info/SOURCES.txt'
[1.428s] writing manifest file '../../build/bme_ros2_tutorials_py/bme_ros2_tutorials_py.egg-info/SOURCES.txt'
[1.428s] running build
[1.428s] running build_py
[1.429s] running install
[1.435s] running install_lib
[1.454s] running install_data
[1.454s] running install_egg_info
[1.473s] removing '/home/balint/ros2_ws/install/bme_ros2_tutorials_py/lib/python3.12/site-packages/bme_ros2_tutorials_py-0.0.0-py3.12.egg-info' (and everything under it)
[1.474s] Copying ../../build/bme_ros2_tutorials_py/bme_ros2_tutorials_py.egg-info to /home/balint/ros2_ws/install/bme_ros2_tutorials_py/lib/python3.12/site-packages/bme_ros2_tutorials_py-0.0.0-py3.12.egg-info
[1.475s] running install_scripts
[1.592s] Installing py_hello_world script to /home/balint/ros2_ws/install/bme_ros2_tutorials_py/lib/bme_ros2_tutorials_py
[1.592s] writing list of installed files to '/home/balint/ros2_ws/build/bme_ros2_tutorials_py/install.log'
[1.635s] Invoked command in '/home/balint/ros2_ws/src/bme_ros2_tutorials_py' returned '0': PYTHONPATH=/home/balint/ros2_ws/build/bme_ros2_tutorials_py/prefix_override:/usr/lib/python3/dist-packages/colcon_core/task/python/colcon_distutils_commands:/home/balint/ros2_ws/install/bme_ros2_tutorials_py/lib/python3.12/site-packages:${PYTHONPATH} /usr/bin/python3 -W ignore:setup.py install is deprecated -W ignore:easy_install command is deprecated setup.py egg_info --egg-base ../../build/bme_ros2_tutorials_py build --build-base /home/balint/ros2_ws/build/bme_ros2_tutorials_py/build install --record /home/balint/ros2_ws/build/bme_ros2_tutorials_py/install.log --single-version-externally-managed install_data
