[0.472s] Invoking command in '/home/balint/ros2_ws/build/turtlebot3_bringup': AMENT_PREFIX_PATH=/home/balint/ros2_ws/install/turtlebot3_description:${AMENT_PREFIX_PATH} CMAKE_PREFIX_PATH=/home/balint/ros2_ws/install/turtlebot3_description:/home/balint/ros2_ws/install/bme_ros2_tutorials_bringup:/opt/ros/jazzy/opt/gz_sim_vendor:/opt/ros/jazzy/opt/gz_sensors_vendor:/opt/ros/jazzy/opt/gz_physics_vendor:/opt/ros/jazzy/opt/sdformat_vendor:/opt/ros/jazzy/opt/gz_gui_vendor:/opt/ros/jazzy/opt/gz_transport_vendor:/opt/ros/jazzy/opt/gz_rendering_vendor:/opt/ros/jazzy/opt/gz_plugin_vendor:/opt/ros/jazzy/opt/gz_fuel_tools_vendor:/opt/ros/jazzy/opt/gz_msgs_vendor:/opt/ros/jazzy/opt/gz_common_vendor:/opt/ros/jazzy/opt/gz_math_vendor:/opt/ros/jazzy/opt/gz_utils_vendor:/opt/ros/jazzy/opt/gz_tools_vendor:/opt/ros/jazzy/opt/gz_ogre_next_vendor:/opt/ros/jazzy/opt/gz_dartsim_vendor:/opt/ros/jazzy/opt/gz_cmake_vendor:/home/balint/ros2_ws/install/bme_ros2_tutorials_py:/opt/ros/jazzy /usr/bin/cmake /home/balint/ros2_ws/turtlebot3/turtlebot3_bringup -DCMAKE_INSTALL_PREFIX=/home/balint/ros2_ws/install/turtlebot3_bringup
[0.745s] -- The C compiler identification is GNU 13.3.0
[2.032s] -- The CXX compiler identification is GNU 13.3.0
[3.168s] -- Detecting C compiler ABI info
[3.740s] -- Detecting C compiler ABI info - done
[3.781s] -- Check for working C compiler: /usr/bin/cc - skipped
[3.783s] -- Detecting C compile features
[3.788s] -- Detecting C compile features - done
[4.006s] -- Detecting CXX compiler ABI info
[4.559s] -- Detecting CXX compiler ABI info - done
[4.569s] -- Check for working CXX compiler: /usr/bin/c++ - skipped
[4.570s] -- Detecting CXX compile features
[4.571s] -- Detecting CXX compile features - done
[4.576s] -- Found ament_cmake: 2.5.4 (/opt/ros/jazzy/share/ament_cmake/cmake)
[4.830s] -- Found Python3: /usr/bin/python3 (found version "3.12.3") found components: Interpreter 
[5.197s] -- Configuring done (4.7s)
[5.203s] -- Generating done (0.0s)
[5.205s] -- Build files have been written to: /home/balint/ros2_ws/build/turtlebot3_bringup
[5.215s] Invoked command in '/home/balint/ros2_ws/build/turtlebot3_bringup' returned '0': AMENT_PREFIX_PATH=/home/balint/ros2_ws/install/turtlebot3_description:${AMENT_PREFIX_PATH} CMAKE_PREFIX_PATH=/home/balint/ros2_ws/install/turtlebot3_description:/home/balint/ros2_ws/install/bme_ros2_tutorials_bringup:/opt/ros/jazzy/opt/gz_sim_vendor:/opt/ros/jazzy/opt/gz_sensors_vendor:/opt/ros/jazzy/opt/gz_physics_vendor:/opt/ros/jazzy/opt/sdformat_vendor:/opt/ros/jazzy/opt/gz_gui_vendor:/opt/ros/jazzy/opt/gz_transport_vendor:/opt/ros/jazzy/opt/gz_rendering_vendor:/opt/ros/jazzy/opt/gz_plugin_vendor:/opt/ros/jazzy/opt/gz_fuel_tools_vendor:/opt/ros/jazzy/opt/gz_msgs_vendor:/opt/ros/jazzy/opt/gz_common_vendor:/opt/ros/jazzy/opt/gz_math_vendor:/opt/ros/jazzy/opt/gz_utils_vendor:/opt/ros/jazzy/opt/gz_tools_vendor:/opt/ros/jazzy/opt/gz_ogre_next_vendor:/opt/ros/jazzy/opt/gz_dartsim_vendor:/opt/ros/jazzy/opt/gz_cmake_vendor:/home/balint/ros2_ws/install/bme_ros2_tutorials_py:/opt/ros/jazzy /usr/bin/cmake /home/balint/ros2_ws/turtlebot3/turtlebot3_bringup -DCMAKE_INSTALL_PREFIX=/home/balint/ros2_ws/install/turtlebot3_bringup
[5.216s] Invoking command in '/home/balint/ros2_ws/build/turtlebot3_bringup': AMENT_PREFIX_PATH=/home/balint/ros2_ws/install/turtlebot3_description:${AMENT_PREFIX_PATH} CMAKE_PREFIX_PATH=/home/balint/ros2_ws/install/turtlebot3_description:/home/balint/ros2_ws/install/bme_ros2_tutorials_bringup:/opt/ros/jazzy/opt/gz_sim_vendor:/opt/ros/jazzy/opt/gz_sensors_vendor:/opt/ros/jazzy/opt/gz_physics_vendor:/opt/ros/jazzy/opt/sdformat_vendor:/opt/ros/jazzy/opt/gz_gui_vendor:/opt/ros/jazzy/opt/gz_transport_vendor:/opt/ros/jazzy/opt/gz_rendering_vendor:/opt/ros/jazzy/opt/gz_plugin_vendor:/opt/ros/jazzy/opt/gz_fuel_tools_vendor:/opt/ros/jazzy/opt/gz_msgs_vendor:/opt/ros/jazzy/opt/gz_common_vendor:/opt/ros/jazzy/opt/gz_math_vendor:/opt/ros/jazzy/opt/gz_utils_vendor:/opt/ros/jazzy/opt/gz_tools_vendor:/opt/ros/jazzy/opt/gz_ogre_next_vendor:/opt/ros/jazzy/opt/gz_dartsim_vendor:/opt/ros/jazzy/opt/gz_cmake_vendor:/home/balint/ros2_ws/install/bme_ros2_tutorials_py:/opt/ros/jazzy /usr/bin/cmake --build /home/balint/ros2_ws/build/turtlebot3_bringup -- -j6 -l6
[5.269s] Invoked command in '/home/balint/ros2_ws/build/turtlebot3_bringup' returned '0': AMENT_PREFIX_PATH=/home/balint/ros2_ws/install/turtlebot3_description:${AMENT_PREFIX_PATH} CMAKE_PREFIX_PATH=/home/balint/ros2_ws/install/turtlebot3_description:/home/balint/ros2_ws/install/bme_ros2_tutorials_bringup:/opt/ros/jazzy/opt/gz_sim_vendor:/opt/ros/jazzy/opt/gz_sensors_vendor:/opt/ros/jazzy/opt/gz_physics_vendor:/opt/ros/jazzy/opt/sdformat_vendor:/opt/ros/jazzy/opt/gz_gui_vendor:/opt/ros/jazzy/opt/gz_transport_vendor:/opt/ros/jazzy/opt/gz_rendering_vendor:/opt/ros/jazzy/opt/gz_plugin_vendor:/opt/ros/jazzy/opt/gz_fuel_tools_vendor:/opt/ros/jazzy/opt/gz_msgs_vendor:/opt/ros/jazzy/opt/gz_common_vendor:/opt/ros/jazzy/opt/gz_math_vendor:/opt/ros/jazzy/opt/gz_utils_vendor:/opt/ros/jazzy/opt/gz_tools_vendor:/opt/ros/jazzy/opt/gz_ogre_next_vendor:/opt/ros/jazzy/opt/gz_dartsim_vendor:/opt/ros/jazzy/opt/gz_cmake_vendor:/home/balint/ros2_ws/install/bme_ros2_tutorials_py:/opt/ros/jazzy /usr/bin/cmake --build /home/balint/ros2_ws/build/turtlebot3_bringup -- -j6 -l6
[5.271s] Invoking command in '/home/balint/ros2_ws/build/turtlebot3_bringup': AMENT_PREFIX_PATH=/home/balint/ros2_ws/install/turtlebot3_description:${AMENT_PREFIX_PATH} CMAKE_PREFIX_PATH=/home/balint/ros2_ws/install/turtlebot3_description:/home/balint/ros2_ws/install/bme_ros2_tutorials_bringup:/opt/ros/jazzy/opt/gz_sim_vendor:/opt/ros/jazzy/opt/gz_sensors_vendor:/opt/ros/jazzy/opt/gz_physics_vendor:/opt/ros/jazzy/opt/sdformat_vendor:/opt/ros/jazzy/opt/gz_gui_vendor:/opt/ros/jazzy/opt/gz_transport_vendor:/opt/ros/jazzy/opt/gz_rendering_vendor:/opt/ros/jazzy/opt/gz_plugin_vendor:/opt/ros/jazzy/opt/gz_fuel_tools_vendor:/opt/ros/jazzy/opt/gz_msgs_vendor:/opt/ros/jazzy/opt/gz_common_vendor:/opt/ros/jazzy/opt/gz_math_vendor:/opt/ros/jazzy/opt/gz_utils_vendor:/opt/ros/jazzy/opt/gz_tools_vendor:/opt/ros/jazzy/opt/gz_ogre_next_vendor:/opt/ros/jazzy/opt/gz_dartsim_vendor:/opt/ros/jazzy/opt/gz_cmake_vendor:/home/balint/ros2_ws/install/bme_ros2_tutorials_py:/opt/ros/jazzy /usr/bin/cmake --install /home/balint/ros2_ws/build/turtlebot3_bringup
[5.281s] -- Install configuration: ""
[5.282s] -- Installing: /home/balint/ros2_ws/install/turtlebot3_bringup/share/turtlebot3_bringup/launch
[5.282s] -- Installing: /home/balint/ros2_ws/install/turtlebot3_bringup/share/turtlebot3_bringup/launch/base.launch.py
[5.283s] -- Installing: /home/balint/ros2_ws/install/turtlebot3_bringup/share/turtlebot3_bringup/launch/hardware.launch.py
[5.285s] -- Installing: /home/balint/ros2_ws/install/turtlebot3_bringup/share/turtlebot3_bringup/launch/gazebo.launch.py
[5.285s] -- Installing: /home/balint/ros2_ws/install/turtlebot3_bringup/share/turtlebot3_bringup/launch/fake.launch.py
[5.287s] -- Installing: /home/balint/ros2_ws/install/turtlebot3_bringup/share/turtlebot3_bringup/config
[5.287s] -- Installing: /home/balint/ros2_ws/install/turtlebot3_bringup/share/turtlebot3_bringup/config/burger
[5.288s] -- Installing: /home/balint/ros2_ws/install/turtlebot3_bringup/share/turtlebot3_bringup/config/burger/gazebo_controller_manager.yaml
[5.288s] -- Installing: /home/balint/ros2_ws/install/turtlebot3_bringup/share/turtlebot3_bringup/config/burger/hardware_controller_manager.yaml
[5.289s] -- Installing: /home/balint/ros2_ws/install/turtlebot3_bringup/share/turtlebot3_bringup/config/waffle_pi
[5.290s] -- Installing: /home/balint/ros2_ws/install/turtlebot3_bringup/share/turtlebot3_bringup/config/waffle_pi/gazebo_controller_manager.yaml
[5.290s] -- Installing: /home/balint/ros2_ws/install/turtlebot3_bringup/share/turtlebot3_bringup/config/waffle_pi/hardware_controller_manager.yaml
[5.292s] -- Installing: /home/balint/ros2_ws/install/turtlebot3_bringup/share/turtlebot3_bringup/script
[5.292s] -- Installing: /home/balint/ros2_ws/install/turtlebot3_bringup/share/turtlebot3_bringup/script/create_udev_rules
[5.292s] -- Installing: /home/balint/ros2_ws/install/turtlebot3_bringup/share/turtlebot3_bringup/script/99-turtlebot3-cdc.rules
[5.294s] -- Installing: /home/balint/ros2_ws/install/turtlebot3_bringup/share/turtlebot3_bringup/worlds
[5.294s] -- Installing: /home/balint/ros2_ws/install/turtlebot3_bringup/share/turtlebot3_bringup/worlds/empty_world.model
[5.295s] -- Installing: /home/balint/ros2_ws/install/turtlebot3_bringup/share/turtlebot3_bringup/worlds/turtlebot3_world.model
[5.296s] -- Installing: /home/balint/ros2_ws/install/turtlebot3_bringup/share/turtlebot3_bringup/worlds/turtlebot3_world
[5.298s] -- Installing: /home/balint/ros2_ws/install/turtlebot3_bringup/share/turtlebot3_bringup/worlds/turtlebot3_world/model.sdf
[5.298s] -- Installing: /home/balint/ros2_ws/install/turtlebot3_bringup/share/turtlebot3_bringup/worlds/turtlebot3_world/model.config
[5.298s] -- Installing: /home/balint/ros2_ws/install/turtlebot3_bringup/share/turtlebot3_bringup/worlds/turtlebot3_world/model-1_4.sdf
[5.299s] -- Installing: /home/balint/ros2_ws/install/turtlebot3_bringup/share/turtlebot3_bringup/worlds/turtlebot3_world/meshes
[5.299s] -- Installing: /home/balint/ros2_ws/install/turtlebot3_bringup/share/turtlebot3_bringup/worlds/turtlebot3_world/meshes/wall.dae
[5.300s] -- Installing: /home/balint/ros2_ws/install/turtlebot3_bringup/share/turtlebot3_bringup/worlds/turtlebot3_world/meshes/hexagon.dae
[5.301s] -- Installing: /home/balint/ros2_ws/install/turtlebot3_bringup/share/turtlebot3_bringup/rviz
[5.301s] -- Installing: /home/balint/ros2_ws/install/turtlebot3_bringup/share/turtlebot3_bringup/rviz/turtlebot3.rviz
[5.302s] -- Installing: /home/balint/ros2_ws/install/turtlebot3_bringup/share/turtlebot3_bringup/environment/turtlebot3_bringup.dsv
[5.303s] -- Installing: /home/balint/ros2_ws/install/turtlebot3_bringup/share/ament_index/resource_index/package_run_dependencies/turtlebot3_bringup
[5.303s] -- Installing: /home/balint/ros2_ws/install/turtlebot3_bringup/share/ament_index/resource_index/parent_prefix_path/turtlebot3_bringup
[5.304s] -- Installing: /home/balint/ros2_ws/install/turtlebot3_bringup/share/turtlebot3_bringup/environment/ament_prefix_path.sh
[5.304s] -- Installing: /home/balint/ros2_ws/install/turtlebot3_bringup/share/turtlebot3_bringup/environment/ament_prefix_path.dsv
[5.305s] -- Installing: /home/balint/ros2_ws/install/turtlebot3_bringup/share/turtlebot3_bringup/environment/path.sh
[5.305s] -- Installing: /home/balint/ros2_ws/install/turtlebot3_bringup/share/turtlebot3_bringup/environment/path.dsv
[5.305s] -- Installing: /home/balint/ros2_ws/install/turtlebot3_bringup/share/turtlebot3_bringup/local_setup.bash
[5.306s] -- Installing: /home/balint/ros2_ws/install/turtlebot3_bringup/share/turtlebot3_bringup/local_setup.sh
[5.306s] -- Installing: /home/balint/ros2_ws/install/turtlebot3_bringup/share/turtlebot3_bringup/local_setup.zsh
[5.306s] -- Installing: /home/balint/ros2_ws/install/turtlebot3_bringup/share/turtlebot3_bringup/local_setup.dsv
[5.306s] -- Installing: /home/balint/ros2_ws/install/turtlebot3_bringup/share/turtlebot3_bringup/package.dsv
[5.306s] -- Installing: /home/balint/ros2_ws/install/turtlebot3_bringup/share/ament_index/resource_index/packages/turtlebot3_bringup
[5.307s] -- Installing: /home/balint/ros2_ws/install/turtlebot3_bringup/share/turtlebot3_bringup/cmake/turtlebot3_bringupConfig.cmake
[5.307s] -- Installing: /home/balint/ros2_ws/install/turtlebot3_bringup/share/turtlebot3_bringup/cmake/turtlebot3_bringupConfig-version.cmake
[5.308s] -- Installing: /home/balint/ros2_ws/install/turtlebot3_bringup/share/turtlebot3_bringup/package.xml
[5.312s] Invoked command in '/home/balint/ros2_ws/build/turtlebot3_bringup' returned '0': AMENT_PREFIX_PATH=/home/balint/ros2_ws/install/turtlebot3_description:${AMENT_PREFIX_PATH} CMAKE_PREFIX_PATH=/home/balint/ros2_ws/install/turtlebot3_description:/home/balint/ros2_ws/install/bme_ros2_tutorials_bringup:/opt/ros/jazzy/opt/gz_sim_vendor:/opt/ros/jazzy/opt/gz_sensors_vendor:/opt/ros/jazzy/opt/gz_physics_vendor:/opt/ros/jazzy/opt/sdformat_vendor:/opt/ros/jazzy/opt/gz_gui_vendor:/opt/ros/jazzy/opt/gz_transport_vendor:/opt/ros/jazzy/opt/gz_rendering_vendor:/opt/ros/jazzy/opt/gz_plugin_vendor:/opt/ros/jazzy/opt/gz_fuel_tools_vendor:/opt/ros/jazzy/opt/gz_msgs_vendor:/opt/ros/jazzy/opt/gz_common_vendor:/opt/ros/jazzy/opt/gz_math_vendor:/opt/ros/jazzy/opt/gz_utils_vendor:/opt/ros/jazzy/opt/gz_tools_vendor:/opt/ros/jazzy/opt/gz_ogre_next_vendor:/opt/ros/jazzy/opt/gz_dartsim_vendor:/opt/ros/jazzy/opt/gz_cmake_vendor:/home/balint/ros2_ws/install/bme_ros2_tutorials_py:/opt/ros/jazzy /usr/bin/cmake --install /home/balint/ros2_ws/build/turtlebot3_bringup
