[0.030s] Invoking command in '/home/balint/ros2_ws/build/turtlebot3_hardware': CMAKE_PREFIX_PATH=${CMAKE_PREFIX_PATH}:/home/balint/ros2_ws/install/turtlebot3_teleop:/home/balint/ros2_ws/install/turtlebot3_example:/home/balint/ros2_ws/install/bme_ros2_tutorials_py:/opt/ros/jazzy /usr/bin/cmake --build /home/balint/ros2_ws/build/turtlebot3_hardware -- -j6 -l6
[0.118s] [100%] Built target turtlebot3_hardware
[0.198s] Invoked command in '/home/balint/ros2_ws/build/turtlebot3_hardware' returned '0': CMAKE_PREFIX_PATH=${CMAKE_PREFIX_PATH}:/home/balint/ros2_ws/install/turtlebot3_teleop:/home/balint/ros2_ws/install/turtlebot3_example:/home/balint/ros2_ws/install/bme_ros2_tutorials_py:/opt/ros/jazzy /usr/bin/cmake --build /home/balint/ros2_ws/build/turtlebot3_hardware -- -j6 -l6
[0.201s] Invoking command in '/home/balint/ros2_ws/build/turtlebot3_hardware': CMAKE_PREFIX_PATH=${CMAKE_PREFIX_PATH}:/home/balint/ros2_ws/install/turtlebot3_teleop:/home/balint/ros2_ws/install/turtlebot3_example:/home/balint/ros2_ws/install/bme_ros2_tutorials_py:/opt/ros/jazzy /usr/bin/cmake --install /home/balint/ros2_ws/build/turtlebot3_hardware
[0.224s] -- Install configuration: ""
[0.224s] -- Up-to-date: /home/balint/ros2_ws/install/turtlebot3_hardware/share/turtlebot3_hardware/turtlebot3_hardware.xml
[0.224s] -- Up-to-date: /home/balint/ros2_ws/install/turtlebot3_hardware/include
[0.224s] -- Up-to-date: /home/balint/ros2_ws/install/turtlebot3_hardware/include/turtlebot3_hardware
[0.224s] -- Up-to-date: /home/balint/ros2_ws/install/turtlebot3_hardware/include/turtlebot3_hardware/turtlebot3_system.hpp
[0.225s] -- Up-to-date: /home/balint/ros2_ws/install/turtlebot3_hardware/include/turtlebot3_hardware/dynamixel_sdk_wrapper.hpp
[0.225s] -- Up-to-date: /home/balint/ros2_ws/install/turtlebot3_hardware/include/turtlebot3_hardware/opencr_definitions.hpp
[0.225s] -- Up-to-date: /home/balint/ros2_ws/install/turtlebot3_hardware/include/turtlebot3_hardware/opencr_control_table.hpp
[0.225s] -- Up-to-date: /home/balint/ros2_ws/install/turtlebot3_hardware/include/turtlebot3_hardware/visibility_control.h
[0.225s] -- Up-to-date: /home/balint/ros2_ws/install/turtlebot3_hardware/include/turtlebot3_hardware/opencr.hpp
[0.225s] -- Up-to-date: /home/balint/ros2_ws/install/turtlebot3_hardware/lib/libturtlebot3_hardware.so
[0.225s] -- Up-to-date: /home/balint/ros2_ws/install/turtlebot3_hardware/share/turtlebot3_hardware/environment/library_path.sh
[0.225s] -- Up-to-date: /home/balint/ros2_ws/install/turtlebot3_hardware/share/turtlebot3_hardware/environment/library_path.dsv
[0.225s] -- Up-to-date: /home/balint/ros2_ws/install/turtlebot3_hardware/share/ament_index/resource_index/package_run_dependencies/turtlebot3_hardware
[0.225s] -- Up-to-date: /home/balint/ros2_ws/install/turtlebot3_hardware/share/ament_index/resource_index/parent_prefix_path/turtlebot3_hardware
[0.225s] -- Up-to-date: /home/balint/ros2_ws/install/turtlebot3_hardware/share/turtlebot3_hardware/environment/ament_prefix_path.sh
[0.225s] -- Up-to-date: /home/balint/ros2_ws/install/turtlebot3_hardware/share/turtlebot3_hardware/environment/ament_prefix_path.dsv
[0.225s] -- Up-to-date: /home/balint/ros2_ws/install/turtlebot3_hardware/share/turtlebot3_hardware/environment/path.sh
[0.225s] -- Up-to-date: /home/balint/ros2_ws/install/turtlebot3_hardware/share/turtlebot3_hardware/environment/path.dsv
[0.226s] -- Up-to-date: /home/balint/ros2_ws/install/turtlebot3_hardware/share/turtlebot3_hardware/local_setup.bash
[0.226s] -- Up-to-date: /home/balint/ros2_ws/install/turtlebot3_hardware/share/turtlebot3_hardware/local_setup.sh
[0.226s] -- Up-to-date: /home/balint/ros2_ws/install/turtlebot3_hardware/share/turtlebot3_hardware/local_setup.zsh
[0.226s] -- Up-to-date: /home/balint/ros2_ws/install/turtlebot3_hardware/share/turtlebot3_hardware/local_setup.dsv
[0.226s] -- Installing: /home/balint/ros2_ws/install/turtlebot3_hardware/share/turtlebot3_hardware/package.dsv
[0.226s] -- Up-to-date: /home/balint/ros2_ws/install/turtlebot3_hardware/share/ament_index/resource_index/packages/turtlebot3_hardware
[0.226s] -- Up-to-date: /home/balint/ros2_ws/install/turtlebot3_hardware/share/ament_index/resource_index/hardware_interface__pluginlib__plugin/turtlebot3_hardware
[0.226s] -- Up-to-date: /home/balint/ros2_ws/install/turtlebot3_hardware/share/turtlebot3_hardware/cmake/ament_cmake_export_include_directories-extras.cmake
[0.226s] -- Up-to-date: /home/balint/ros2_ws/install/turtlebot3_hardware/share/turtlebot3_hardware/cmake/ament_cmake_export_libraries-extras.cmake
[0.226s] -- Up-to-date: /home/balint/ros2_ws/install/turtlebot3_hardware/share/turtlebot3_hardware/cmake/ament_cmake_export_dependencies-extras.cmake
[0.226s] -- Up-to-date: /home/balint/ros2_ws/install/turtlebot3_hardware/share/turtlebot3_hardware/cmake/turtlebot3_hardwareConfig.cmake
[0.227s] -- Up-to-date: /home/balint/ros2_ws/install/turtlebot3_hardware/share/turtlebot3_hardware/cmake/turtlebot3_hardwareConfig-version.cmake
[0.227s] -- Up-to-date: /home/balint/ros2_ws/install/turtlebot3_hardware/share/turtlebot3_hardware/package.xml
[0.514s] Invoked command in '/home/balint/ros2_ws/build/turtlebot3_hardware' returned '0': CMAKE_PREFIX_PATH=${CMAKE_PREFIX_PATH}:/home/balint/ros2_ws/install/turtlebot3_teleop:/home/balint/ros2_ws/install/turtlebot3_example:/home/balint/ros2_ws/install/bme_ros2_tutorials_py:/opt/ros/jazzy /usr/bin/cmake --install /home/balint/ros2_ws/build/turtlebot3_hardware
