/home/balint/ros2_ws/install/bme_ros2_tutorials_py/lib/python3.12/site-packages/bme_ros2_tutorials_py/publisher_OOP.py
/home/balint/ros2_ws/install/bme_ros2_tutorials_py/lib/python3.12/site-packages/bme_ros2_tutorials_py/__init__.py
/home/balint/ros2_ws/install/bme_ros2_tutorials_py/lib/python3.12/site-packages/bme_ros2_tutorials_py/publisher.py
/home/balint/ros2_ws/install/bme_ros2_tutorials_py/lib/python3.12/site-packages/bme_ros2_tutorials_py/hello_world.py
/home/balint/ros2_ws/install/bme_ros2_tutorials_py/lib/python3.12/site-packages/bme_ros2_tutorials_py/subscriber_OOP.py
/home/balint/ros2_ws/install/bme_ros2_tutorials_py/lib/python3.12/site-packages/bme_ros2_tutorials_py/subscriber.py
/home/balint/ros2_ws/install/bme_ros2_tutorials_py/lib/python3.12/site-packages/bme_ros2_tutorials_py/__pycache__/publisher_OOP.cpython-312.pyc
/home/balint/ros2_ws/install/bme_ros2_tutorials_py/lib/python3.12/site-packages/bme_ros2_tutorials_py/__pycache__/__init__.cpython-312.pyc
/home/balint/ros2_ws/install/bme_ros2_tutorials_py/lib/python3.12/site-packages/bme_ros2_tutorials_py/__pycache__/publisher.cpython-312.pyc
/home/balint/ros2_ws/install/bme_ros2_tutorials_py/lib/python3.12/site-packages/bme_ros2_tutorials_py/__pycache__/hello_world.cpython-312.pyc
/home/balint/ros2_ws/install/bme_ros2_tutorials_py/lib/python3.12/site-packages/bme_ros2_tutorials_py/__pycache__/subscriber_OOP.cpython-312.pyc
/home/balint/ros2_ws/install/bme_ros2_tutorials_py/lib/python3.12/site-packages/bme_ros2_tutorials_py/__pycache__/subscriber.cpython-312.pyc
/home/balint/ros2_ws/install/bme_ros2_tutorials_py/share/ament_index/resource_index/packages/bme_ros2_tutorials_py
/home/balint/ros2_ws/install/bme_ros2_tutorials_py/share/bme_ros2_tutorials_py/package.xml
/home/balint/ros2_ws/install/bme_ros2_tutorials_py/lib/python3.12/site-packages/bme_ros2_tutorials_py-0.0.0-py3.12.egg-info/zip-safe
/home/balint/ros2_ws/install/bme_ros2_tutorials_py/lib/python3.12/site-packages/bme_ros2_tutorials_py-0.0.0-py3.12.egg-info/entry_points.txt
/home/balint/ros2_ws/install/bme_ros2_tutorials_py/lib/python3.12/site-packages/bme_ros2_tutorials_py-0.0.0-py3.12.egg-info/SOURCES.txt
/home/balint/ros2_ws/install/bme_ros2_tutorials_py/lib/python3.12/site-packages/bme_ros2_tutorials_py-0.0.0-py3.12.egg-info/requires.txt
/home/balint/ros2_ws/install/bme_ros2_tutorials_py/lib/python3.12/site-packages/bme_ros2_tutorials_py-0.0.0-py3.12.egg-info/PKG-INFO
/home/balint/ros2_ws/install/bme_ros2_tutorials_py/lib/python3.12/site-packages/bme_ros2_tutorials_py-0.0.0-py3.12.egg-info/top_level.txt
/home/balint/ros2_ws/install/bme_ros2_tutorials_py/lib/python3.12/site-packages/bme_ros2_tutorials_py-0.0.0-py3.12.egg-info/dependency_links.txt
/home/balint/ros2_ws/install/bme_ros2_tutorials_py/lib/bme_ros2_tutorials_py/py_hello_world
/home/balint/ros2_ws/install/bme_ros2_tutorials_py/lib/bme_ros2_tutorials_py/py_publisher
/home/balint/ros2_ws/install/bme_ros2_tutorials_py/lib/bme_ros2_tutorials_py/py_publisher_OOP
/home/balint/ros2_ws/install/bme_ros2_tutorials_py/lib/bme_ros2_tutorials_py/py_subscriber
/home/balint/ros2_ws/install/bme_ros2_tutorials_py/lib/bme_ros2_tutorials_py/py_subscriber_OOP
