[1.324s] Invoking command in '/home/balint/ros2_ws/turtlebot3/turtlebot3_teleop': PYTHONPATH=/home/balint/ros2_ws/build/turtlebot3_teleop/prefix_override:/usr/lib/python3/dist-packages/colcon_core/task/python/colcon_distutils_commands:/home/balint/ros2_ws/install/turtlebot3_teleop/lib/python3.12/site-packages:${PYTHONPATH} /usr/bin/python3 -W ignore:setup.py install is deprecated -W ignore:easy_install command is deprecated setup.py egg_info --egg-base ../../build/turtlebot3_teleop build --build-base /home/balint/ros2_ws/build/turtlebot3_teleop/build install --record /home/balint/ros2_ws/build/turtlebot3_teleop/install.log --single-version-externally-managed install_data
[1.732s] running egg_info
[1.762s] writing ../../build/turtlebot3_teleop/turtlebot3_teleop.egg-info/PKG-INFO
[1.763s] writing dependency_links to ../../build/turtlebot3_teleop/turtlebot3_teleop.egg-info/dependency_links.txt
[1.764s] writing entry points to ../../build/turtlebot3_teleop/turtlebot3_teleop.egg-info/entry_points.txt
[1.764s] writing requirements to ../../build/turtlebot3_teleop/turtlebot3_teleop.egg-info/requires.txt
[1.764s] writing top-level names to ../../build/turtlebot3_teleop/turtlebot3_teleop.egg-info/top_level.txt
[1.830s] reading manifest file '../../build/turtlebot3_teleop/turtlebot3_teleop.egg-info/SOURCES.txt'
[1.831s] writing manifest file '../../build/turtlebot3_teleop/turtlebot3_teleop.egg-info/SOURCES.txt'
[1.832s] running build
[1.832s] running build_py
[1.832s] running install
[1.856s] running install_lib
[1.877s] running install_data
[1.878s] running install_egg_info
[1.913s] removing '/home/balint/ros2_ws/install/turtlebot3_teleop/lib/python3.12/site-packages/turtlebot3_teleop-2.1.5-py3.12.egg-info' (and everything under it)
[1.913s] Copying ../../build/turtlebot3_teleop/turtlebot3_teleop.egg-info to /home/balint/ros2_ws/install/turtlebot3_teleop/lib/python3.12/site-packages/turtlebot3_teleop-2.1.5-py3.12.egg-info
[1.915s] running install_scripts
[2.112s] Installing teleop_keyboard script to /home/balint/ros2_ws/install/turtlebot3_teleop/lib/turtlebot3_teleop
[2.112s] writing list of installed files to '/home/balint/ros2_ws/build/turtlebot3_teleop/install.log'
[2.194s] Invoked command in '/home/balint/ros2_ws/turtlebot3/turtlebot3_teleop' returned '0': PYTHONPATH=/home/balint/ros2_ws/build/turtlebot3_teleop/prefix_override:/usr/lib/python3/dist-packages/colcon_core/task/python/colcon_distutils_commands:/home/balint/ros2_ws/install/turtlebot3_teleop/lib/python3.12/site-packages:${PYTHONPATH} /usr/bin/python3 -W ignore:setup.py install is deprecated -W ignore:easy_install command is deprecated setup.py egg_info --egg-base ../../build/turtlebot3_teleop build --build-base /home/balint/ros2_ws/build/turtlebot3_teleop/build install --record /home/balint/ros2_ws/build/turtlebot3_teleop/install.log --single-version-externally-managed install_data
